
*** Running vivado
    with args -log pass_through.vds -m64 -product Vivado -mode batch -messageDb vivado.pb -notrace -source pass_through.tcl



****** Vivado v2021.2 (64-bit)
  **** SW Build 3367213 on Tue Oct 19 02:48:09 MDT 2021
  **** IP Build 3369179 on Thu Oct 21 08:25:16 MDT 2021
    ** Copyright 1986-2021 Xilinx, Inc. All Rights Reserved.

source pass_through.tcl -notrace
Command: read_checkpoint -auto_incremental -incremental D:/Data/HLS/packet-switch/packet-switch.srcs/utils_1/imports/synth_1/pass_through.dcp
INFO: [Vivado 12-5825] Read reference checkpoint from D:/Data/HLS/packet-switch/packet-switch.srcs/utils_1/imports/synth_1/pass_through.dcp for incremental synthesis
INFO: [Vivado 12-7989] Please ensure there are no constraint changes
Command: synth_design -top pass_through -part xc7a35tcpg236-1
Starting synth_design
Attempting to get a license for feature 'Synthesis' and/or device 'xc7a35t'
INFO: [Common 17-349] Got license for feature 'Synthesis' and/or device 'xc7a35t'
INFO: [Device 21-403] Loading part xc7a35tcpg236-1
WARNING: [Designutils 20-4072] Reference run did not run incremental synthesis because the design is too small; reverting to default synthesis
INFO: [Designutils 20-4379] Flow is switching to default flow due to incremental criteria not met. If you would like to alter this behaviour and have the flow terminate instead, please set the following parameter config_implementation {autoIncr.Synth.RejectBehavior Terminate}
INFO: [Synth 8-7079] Multithreading enabled for synth_design using a maximum of 2 processes.
INFO: [Synth 8-7078] Launching helper process for spawning children vivado processes
INFO: [Synth 8-7075] Helper process launched with PID 18784
---------------------------------------------------------------------------------
Starting RTL Elaboration : Time (s): cpu = 00:00:03 ; elapsed = 00:00:04 . Memory (MB): peak = 1243.656 ; gain = 0.000
---------------------------------------------------------------------------------
INFO: [Synth 8-6157] synthesizing module 'pass_through' [D:/Data/HLS/packet-switch/packet-switch.srcs/sources_1/new/pass_through.v:8]
INFO: [Synth 8-6155] done synthesizing module 'pass_through' (1#1) [D:/Data/HLS/packet-switch/packet-switch.srcs/sources_1/new/pass_through.v:8]
---------------------------------------------------------------------------------
Finished RTL Elaboration : Time (s): cpu = 00:00:04 ; elapsed = 00:00:05 . Memory (MB): peak = 1243.656 ; gain = 0.000
---------------------------------------------------------------------------------
---------------------------------------------------------------------------------
Start Handling Custom Attributes
---------------------------------------------------------------------------------
---------------------------------------------------------------------------------
Finished Handling Custom Attributes : Time (s): cpu = 00:00:04 ; elapsed = 00:00:05 . Memory (MB): peak = 1243.656 ; gain = 0.000
---------------------------------------------------------------------------------
---------------------------------------------------------------------------------
Finished RTL Optimization Phase 1 : Time (s): cpu = 00:00:04 ; elapsed = 00:00:05 . Memory (MB): peak = 1243.656 ; gain = 0.000
---------------------------------------------------------------------------------
Netlist sorting complete. Time (s): cpu = 00:00:00 ; elapsed = 00:00:00.017 . Memory (MB): peak = 1243.656 ; gain = 0.000
INFO: [Project 1-570] Preparing netlist for logic optimization

Processing XDC Constraints
Initializing timing engine
Parsing XDC File [D:/Data/HLS/packet-switch/packet-switch.srcs/constrs_1/new/basys3.xdc]
WARNING: [Vivado 12-584] No ports matched 'sw[0]'. [D:/Data/HLS/packet-switch/packet-switch.srcs/constrs_1/new/basys3.xdc:2]
CRITICAL WARNING: [Common 17-55] 'set_property' expects at least one object. [D:/Data/HLS/packet-switch/packet-switch.srcs/constrs_1/new/basys3.xdc:2]
Resolution: If [get_<value>] was used to populate the object, check to make sure this command returns at least one valid object.
WARNING: [Vivado 12-584] No ports matched 'sw[0]'. [D:/Data/HLS/packet-switch/packet-switch.srcs/constrs_1/new/basys3.xdc:3]
CRITICAL WARNING: [Common 17-55] 'set_property' expects at least one object. [D:/Data/HLS/packet-switch/packet-switch.srcs/constrs_1/new/basys3.xdc:3]
Resolution: If [get_<value>] was used to populate the object, check to make sure this command returns at least one valid object.
WARNING: [Vivado 12-584] No ports matched 'sw[1]'. [D:/Data/HLS/packet-switch/packet-switch.srcs/constrs_1/new/basys3.xdc:4]
CRITICAL WARNING: [Common 17-55] 'set_property' expects at least one object. [D:/Data/HLS/packet-switch/packet-switch.srcs/constrs_1/new/basys3.xdc:4]
Resolution: If [get_<value>] was used to populate the object, check to make sure this command returns at least one valid object.
WARNING: [Vivado 12-584] No ports matched 'sw[1]'. [D:/Data/HLS/packet-switch/packet-switch.srcs/constrs_1/new/basys3.xdc:5]
CRITICAL WARNING: [Common 17-55] 'set_property' expects at least one object. [D:/Data/HLS/packet-switch/packet-switch.srcs/constrs_1/new/basys3.xdc:5]
Resolution: If [get_<value>] was used to populate the object, check to make sure this command returns at least one valid object.
WARNING: [Vivado 12-584] No ports matched 'sw[2]'. [D:/Data/HLS/packet-switch/packet-switch.srcs/constrs_1/new/basys3.xdc:6]
CRITICAL WARNING: [Common 17-55] 'set_property' expects at least one object. [D:/Data/HLS/packet-switch/packet-switch.srcs/constrs_1/new/basys3.xdc:6]
Resolution: If [get_<value>] was used to populate the object, check to make sure this command returns at least one valid object.
WARNING: [Vivado 12-584] No ports matched 'sw[2]'. [D:/Data/HLS/packet-switch/packet-switch.srcs/constrs_1/new/basys3.xdc:7]
CRITICAL WARNING: [Common 17-55] 'set_property' expects at least one object. [D:/Data/HLS/packet-switch/packet-switch.srcs/constrs_1/new/basys3.xdc:7]
Resolution: If [get_<value>] was used to populate the object, check to make sure this command returns at least one valid object.
WARNING: [Vivado 12-584] No ports matched 'sw[3]'. [D:/Data/HLS/packet-switch/packet-switch.srcs/constrs_1/new/basys3.xdc:8]
CRITICAL WARNING: [Common 17-55] 'set_property' expects at least one object. [D:/Data/HLS/packet-switch/packet-switch.srcs/constrs_1/new/basys3.xdc:8]
Resolution: If [get_<value>] was used to populate the object, check to make sure this command returns at least one valid object.
WARNING: [Vivado 12-584] No ports matched 'sw[3]'. [D:/Data/HLS/packet-switch/packet-switch.srcs/constrs_1/new/basys3.xdc:9]
CRITICAL WARNING: [Common 17-55] 'set_property' expects at least one object. [D:/Data/HLS/packet-switch/packet-switch.srcs/constrs_1/new/basys3.xdc:9]
Resolution: If [get_<value>] was used to populate the object, check to make sure this command returns at least one valid object.
WARNING: [Vivado 12-584] No ports matched 'sw[4]'. [D:/Data/HLS/packet-switch/packet-switch.srcs/constrs_1/new/basys3.xdc:10]
CRITICAL WARNING: [Common 17-55] 'set_property' expects at least one object. [D:/Data/HLS/packet-switch/packet-switch.srcs/constrs_1/new/basys3.xdc:10]
Resolution: If [get_<value>] was used to populate the object, check to make sure this command returns at least one valid object.
WARNING: [Vivado 12-584] No ports matched 'sw[4]'. [D:/Data/HLS/packet-switch/packet-switch.srcs/constrs_1/new/basys3.xdc:11]
CRITICAL WARNING: [Common 17-55] 'set_property' expects at least one object. [D:/Data/HLS/packet-switch/packet-switch.srcs/constrs_1/new/basys3.xdc:11]
Resolution: If [get_<value>] was used to populate the object, check to make sure this command returns at least one valid object.
WARNING: [Vivado 12-584] No ports matched 'sw[5]'. [D:/Data/HLS/packet-switch/packet-switch.srcs/constrs_1/new/basys3.xdc:12]
CRITICAL WARNING: [Common 17-55] 'set_property' expects at least one object. [D:/Data/HLS/packet-switch/packet-switch.srcs/constrs_1/new/basys3.xdc:12]
Resolution: If [get_<value>] was used to populate the object, check to make sure this command returns at least one valid object.
WARNING: [Vivado 12-584] No ports matched 'sw[5]'. [D:/Data/HLS/packet-switch/packet-switch.srcs/constrs_1/new/basys3.xdc:13]
CRITICAL WARNING: [Common 17-55] 'set_property' expects at least one object. [D:/Data/HLS/packet-switch/packet-switch.srcs/constrs_1/new/basys3.xdc:13]
Resolution: If [get_<value>] was used to populate the object, check to make sure this command returns at least one valid object.
WARNING: [Vivado 12-584] No ports matched 'sw[6]'. [D:/Data/HLS/packet-switch/packet-switch.srcs/constrs_1/new/basys3.xdc:14]
CRITICAL WARNING: [Common 17-55] 'set_property' expects at least one object. [D:/Data/HLS/packet-switch/packet-switch.srcs/constrs_1/new/basys3.xdc:14]
Resolution: If [get_<value>] was used to populate the object, check to make sure this command returns at least one valid object.
WARNING: [Vivado 12-584] No ports matched 'sw[6]'. [D:/Data/HLS/packet-switch/packet-switch.srcs/constrs_1/new/basys3.xdc:15]
CRITICAL WARNING: [Common 17-55] 'set_property' expects at least one object. [D:/Data/HLS/packet-switch/packet-switch.srcs/constrs_1/new/basys3.xdc:15]
Resolution: If [get_<value>] was used to populate the object, check to make sure this command returns at least one valid object.
WARNING: [Vivado 12-584] No ports matched 'sw[7]'. [D:/Data/HLS/packet-switch/packet-switch.srcs/constrs_1/new/basys3.xdc:16]
CRITICAL WARNING: [Common 17-55] 'set_property' expects at least one object. [D:/Data/HLS/packet-switch/packet-switch.srcs/constrs_1/new/basys3.xdc:16]
Resolution: If [get_<value>] was used to populate the object, check to make sure this command returns at least one valid object.
WARNING: [Vivado 12-584] No ports matched 'sw[7]'. [D:/Data/HLS/packet-switch/packet-switch.srcs/constrs_1/new/basys3.xdc:17]
CRITICAL WARNING: [Common 17-55] 'set_property' expects at least one object. [D:/Data/HLS/packet-switch/packet-switch.srcs/constrs_1/new/basys3.xdc:17]
Resolution: If [get_<value>] was used to populate the object, check to make sure this command returns at least one valid object.
WARNING: [Vivado 12-584] No ports matched 'sw[8]'. [D:/Data/HLS/packet-switch/packet-switch.srcs/constrs_1/new/basys3.xdc:18]
CRITICAL WARNING: [Common 17-55] 'set_property' expects at least one object. [D:/Data/HLS/packet-switch/packet-switch.srcs/constrs_1/new/basys3.xdc:18]
Resolution: If [get_<value>] was used to populate the object, check to make sure this command returns at least one valid object.
WARNING: [Vivado 12-584] No ports matched 'sw[8]'. [D:/Data/HLS/packet-switch/packet-switch.srcs/constrs_1/new/basys3.xdc:19]
CRITICAL WARNING: [Common 17-55] 'set_property' expects at least one object. [D:/Data/HLS/packet-switch/packet-switch.srcs/constrs_1/new/basys3.xdc:19]
Resolution: If [get_<value>] was used to populate the object, check to make sure this command returns at least one valid object.
WARNING: [Vivado 12-584] No ports matched 'sw[9]'. [D:/Data/HLS/packet-switch/packet-switch.srcs/constrs_1/new/basys3.xdc:20]
CRITICAL WARNING: [Common 17-55] 'set_property' expects at least one object. [D:/Data/HLS/packet-switch/packet-switch.srcs/constrs_1/new/basys3.xdc:20]
Resolution: If [get_<value>] was used to populate the object, check to make sure this command returns at least one valid object.
WARNING: [Vivado 12-584] No ports matched 'sw[9]'. [D:/Data/HLS/packet-switch/packet-switch.srcs/constrs_1/new/basys3.xdc:21]
CRITICAL WARNING: [Common 17-55] 'set_property' expects at least one object. [D:/Data/HLS/packet-switch/packet-switch.srcs/constrs_1/new/basys3.xdc:21]
Resolution: If [get_<value>] was used to populate the object, check to make sure this command returns at least one valid object.
WARNING: [Vivado 12-584] No ports matched 'sw[10]'. [D:/Data/HLS/packet-switch/packet-switch.srcs/constrs_1/new/basys3.xdc:22]
CRITICAL WARNING: [Common 17-55] 'set_property' expects at least one object. [D:/Data/HLS/packet-switch/packet-switch.srcs/constrs_1/new/basys3.xdc:22]
Resolution: If [get_<value>] was used to populate the object, check to make sure this command returns at least one valid object.
WARNING: [Vivado 12-584] No ports matched 'sw[10]'. [D:/Data/HLS/packet-switch/packet-switch.srcs/constrs_1/new/basys3.xdc:23]
CRITICAL WARNING: [Common 17-55] 'set_property' expects at least one object. [D:/Data/HLS/packet-switch/packet-switch.srcs/constrs_1/new/basys3.xdc:23]
Resolution: If [get_<value>] was used to populate the object, check to make sure this command returns at least one valid object.
WARNING: [Vivado 12-584] No ports matched 'sw[11]'. [D:/Data/HLS/packet-switch/packet-switch.srcs/constrs_1/new/basys3.xdc:24]
CRITICAL WARNING: [Common 17-55] 'set_property' expects at least one object. [D:/Data/HLS/packet-switch/packet-switch.srcs/constrs_1/new/basys3.xdc:24]
Resolution: If [get_<value>] was used to populate the object, check to make sure this command returns at least one valid object.
WARNING: [Vivado 12-584] No ports matched 'sw[11]'. [D:/Data/HLS/packet-switch/packet-switch.srcs/constrs_1/new/basys3.xdc:25]
CRITICAL WARNING: [Common 17-55] 'set_property' expects at least one object. [D:/Data/HLS/packet-switch/packet-switch.srcs/constrs_1/new/basys3.xdc:25]
Resolution: If [get_<value>] was used to populate the object, check to make sure this command returns at least one valid object.
WARNING: [Vivado 12-584] No ports matched 'sw[12]'. [D:/Data/HLS/packet-switch/packet-switch.srcs/constrs_1/new/basys3.xdc:26]
CRITICAL WARNING: [Common 17-55] 'set_property' expects at least one object. [D:/Data/HLS/packet-switch/packet-switch.srcs/constrs_1/new/basys3.xdc:26]
Resolution: If [get_<value>] was used to populate the object, check to make sure this command returns at least one valid object.
WARNING: [Vivado 12-584] No ports matched 'sw[12]'. [D:/Data/HLS/packet-switch/packet-switch.srcs/constrs_1/new/basys3.xdc:27]
CRITICAL WARNING: [Common 17-55] 'set_property' expects at least one object. [D:/Data/HLS/packet-switch/packet-switch.srcs/constrs_1/new/basys3.xdc:27]
Resolution: If [get_<value>] was used to populate the object, check to make sure this command returns at least one valid object.
WARNING: [Vivado 12-584] No ports matched 'sw[13]'. [D:/Data/HLS/packet-switch/packet-switch.srcs/constrs_1/new/basys3.xdc:28]
CRITICAL WARNING: [Common 17-55] 'set_property' expects at least one object. [D:/Data/HLS/packet-switch/packet-switch.srcs/constrs_1/new/basys3.xdc:28]
Resolution: If [get_<value>] was used to populate the object, check to make sure this command returns at least one valid object.
WARNING: [Vivado 12-584] No ports matched 'sw[13]'. [D:/Data/HLS/packet-switch/packet-switch.srcs/constrs_1/new/basys3.xdc:29]
CRITICAL WARNING: [Common 17-55] 'set_property' expects at least one object. [D:/Data/HLS/packet-switch/packet-switch.srcs/constrs_1/new/basys3.xdc:29]
Resolution: If [get_<value>] was used to populate the object, check to make sure this command returns at least one valid object.
WARNING: [Vivado 12-584] No ports matched 'sw[14]'. [D:/Data/HLS/packet-switch/packet-switch.srcs/constrs_1/new/basys3.xdc:30]
CRITICAL WARNING: [Common 17-55] 'set_property' expects at least one object. [D:/Data/HLS/packet-switch/packet-switch.srcs/constrs_1/new/basys3.xdc:30]
Resolution: If [get_<value>] was used to populate the object, check to make sure this command returns at least one valid object.
WARNING: [Vivado 12-584] No ports matched 'sw[14]'. [D:/Data/HLS/packet-switch/packet-switch.srcs/constrs_1/new/basys3.xdc:31]
CRITICAL WARNING: [Common 17-55] 'set_property' expects at least one object. [D:/Data/HLS/packet-switch/packet-switch.srcs/constrs_1/new/basys3.xdc:31]
Resolution: If [get_<value>] was used to populate the object, check to make sure this command returns at least one valid object.
WARNING: [Vivado 12-584] No ports matched 'sw[15]'. [D:/Data/HLS/packet-switch/packet-switch.srcs/constrs_1/new/basys3.xdc:32]
CRITICAL WARNING: [Common 17-55] 'set_property' expects at least one object. [D:/Data/HLS/packet-switch/packet-switch.srcs/constrs_1/new/basys3.xdc:32]
Resolution: If [get_<value>] was used to populate the object, check to make sure this command returns at least one valid object.
WARNING: [Vivado 12-584] No ports matched 'sw[15]'. [D:/Data/HLS/packet-switch/packet-switch.srcs/constrs_1/new/basys3.xdc:33]
CRITICAL WARNING: [Common 17-55] 'set_property' expects at least one object. [D:/Data/HLS/packet-switch/packet-switch.srcs/constrs_1/new/basys3.xdc:33]
Resolution: If [get_<value>] was used to populate the object, check to make sure this command returns at least one valid object.
WARNING: [Vivado 12-584] No ports matched 'PMOD_JA[7]'. [D:/Data/HLS/packet-switch/packet-switch.srcs/constrs_1/new/basys3.xdc:36]
CRITICAL WARNING: [Common 17-55] 'set_property' expects at least one object. [D:/Data/HLS/packet-switch/packet-switch.srcs/constrs_1/new/basys3.xdc:36]
Resolution: If [get_<value>] was used to populate the object, check to make sure this command returns at least one valid object.
WARNING: [Vivado 12-584] No ports matched 'PMOD_JA[7]'. [D:/Data/HLS/packet-switch/packet-switch.srcs/constrs_1/new/basys3.xdc:37]
CRITICAL WARNING: [Common 17-55] 'set_property' expects at least one object. [D:/Data/HLS/packet-switch/packet-switch.srcs/constrs_1/new/basys3.xdc:37]
Resolution: If [get_<value>] was used to populate the object, check to make sure this command returns at least one valid object.
WARNING: [Vivado 12-584] No ports matched 'PMOD_JA[6]'. [D:/Data/HLS/packet-switch/packet-switch.srcs/constrs_1/new/basys3.xdc:38]
CRITICAL WARNING: [Common 17-55] 'set_property' expects at least one object. [D:/Data/HLS/packet-switch/packet-switch.srcs/constrs_1/new/basys3.xdc:38]
Resolution: If [get_<value>] was used to populate the object, check to make sure this command returns at least one valid object.
WARNING: [Vivado 12-584] No ports matched 'PMOD_JA[6]'. [D:/Data/HLS/packet-switch/packet-switch.srcs/constrs_1/new/basys3.xdc:39]
CRITICAL WARNING: [Common 17-55] 'set_property' expects at least one object. [D:/Data/HLS/packet-switch/packet-switch.srcs/constrs_1/new/basys3.xdc:39]
Resolution: If [get_<value>] was used to populate the object, check to make sure this command returns at least one valid object.
WARNING: [Vivado 12-584] No ports matched 'PMOD_JA[5]'. [D:/Data/HLS/packet-switch/packet-switch.srcs/constrs_1/new/basys3.xdc:40]
CRITICAL WARNING: [Common 17-55] 'set_property' expects at least one object. [D:/Data/HLS/packet-switch/packet-switch.srcs/constrs_1/new/basys3.xdc:40]
Resolution: If [get_<value>] was used to populate the object, check to make sure this command returns at least one valid object.
WARNING: [Vivado 12-584] No ports matched 'PMOD_JA[5]'. [D:/Data/HLS/packet-switch/packet-switch.srcs/constrs_1/new/basys3.xdc:41]
CRITICAL WARNING: [Common 17-55] 'set_property' expects at least one object. [D:/Data/HLS/packet-switch/packet-switch.srcs/constrs_1/new/basys3.xdc:41]
Resolution: If [get_<value>] was used to populate the object, check to make sure this command returns at least one valid object.
WARNING: [Vivado 12-584] No ports matched 'PMOD_JA[4]'. [D:/Data/HLS/packet-switch/packet-switch.srcs/constrs_1/new/basys3.xdc:42]
CRITICAL WARNING: [Common 17-55] 'set_property' expects at least one object. [D:/Data/HLS/packet-switch/packet-switch.srcs/constrs_1/new/basys3.xdc:42]
Resolution: If [get_<value>] was used to populate the object, check to make sure this command returns at least one valid object.
WARNING: [Vivado 12-584] No ports matched 'PMOD_JA[4]'. [D:/Data/HLS/packet-switch/packet-switch.srcs/constrs_1/new/basys3.xdc:43]
CRITICAL WARNING: [Common 17-55] 'set_property' expects at least one object. [D:/Data/HLS/packet-switch/packet-switch.srcs/constrs_1/new/basys3.xdc:43]
Resolution: If [get_<value>] was used to populate the object, check to make sure this command returns at least one valid object.
WARNING: [Vivado 12-584] No ports matched 'PMOD_JA[3]'. [D:/Data/HLS/packet-switch/packet-switch.srcs/constrs_1/new/basys3.xdc:44]
CRITICAL WARNING: [Common 17-55] 'set_property' expects at least one object. [D:/Data/HLS/packet-switch/packet-switch.srcs/constrs_1/new/basys3.xdc:44]
Resolution: If [get_<value>] was used to populate the object, check to make sure this command returns at least one valid object.
WARNING: [Vivado 12-584] No ports matched 'PMOD_JA[3]'. [D:/Data/HLS/packet-switch/packet-switch.srcs/constrs_1/new/basys3.xdc:45]
CRITICAL WARNING: [Common 17-55] 'set_property' expects at least one object. [D:/Data/HLS/packet-switch/packet-switch.srcs/constrs_1/new/basys3.xdc:45]
Resolution: If [get_<value>] was used to populate the object, check to make sure this command returns at least one valid object.
WARNING: [Vivado 12-584] No ports matched 'PMOD_JA[2]'. [D:/Data/HLS/packet-switch/packet-switch.srcs/constrs_1/new/basys3.xdc:46]
CRITICAL WARNING: [Common 17-55] 'set_property' expects at least one object. [D:/Data/HLS/packet-switch/packet-switch.srcs/constrs_1/new/basys3.xdc:46]
Resolution: If [get_<value>] was used to populate the object, check to make sure this command returns at least one valid object.
WARNING: [Vivado 12-584] No ports matched 'PMOD_JA[2]'. [D:/Data/HLS/packet-switch/packet-switch.srcs/constrs_1/new/basys3.xdc:47]
CRITICAL WARNING: [Common 17-55] 'set_property' expects at least one object. [D:/Data/HLS/packet-switch/packet-switch.srcs/constrs_1/new/basys3.xdc:47]
Resolution: If [get_<value>] was used to populate the object, check to make sure this command returns at least one valid object.
WARNING: [Vivado 12-584] No ports matched 'PMOD_JA[1]'. [D:/Data/HLS/packet-switch/packet-switch.srcs/constrs_1/new/basys3.xdc:48]
CRITICAL WARNING: [Common 17-55] 'set_property' expects at least one object. [D:/Data/HLS/packet-switch/packet-switch.srcs/constrs_1/new/basys3.xdc:48]
Resolution: If [get_<value>] was used to populate the object, check to make sure this command returns at least one valid object.
WARNING: [Vivado 12-584] No ports matched 'PMOD_JA[1]'. [D:/Data/HLS/packet-switch/packet-switch.srcs/constrs_1/new/basys3.xdc:49]
CRITICAL WARNING: [Common 17-55] 'set_property' expects at least one object. [D:/Data/HLS/packet-switch/packet-switch.srcs/constrs_1/new/basys3.xdc:49]
Resolution: If [get_<value>] was used to populate the object, check to make sure this command returns at least one valid object.
WARNING: [Vivado 12-584] No ports matched 'PMOD_JA[0]'. [D:/Data/HLS/packet-switch/packet-switch.srcs/constrs_1/new/basys3.xdc:50]
CRITICAL WARNING: [Common 17-55] 'set_property' expects at least one object. [D:/Data/HLS/packet-switch/packet-switch.srcs/constrs_1/new/basys3.xdc:50]
Resolution: If [get_<value>] was used to populate the object, check to make sure this command returns at least one valid object.
WARNING: [Vivado 12-584] No ports matched 'PMOD_JA[0]'. [D:/Data/HLS/packet-switch/packet-switch.srcs/constrs_1/new/basys3.xdc:51]
CRITICAL WARNING: [Common 17-55] 'set_property' expects at least one object. [D:/Data/HLS/packet-switch/packet-switch.srcs/constrs_1/new/basys3.xdc:51]
Resolution: If [get_<value>] was used to populate the object, check to make sure this command returns at least one valid object.
WARNING: [Vivado 12-584] No ports matched 'clock_100Mhz'. [D:/Data/HLS/packet-switch/packet-switch.srcs/constrs_1/new/basys3.xdc:54]
CRITICAL WARNING: [Common 17-55] 'set_property' expects at least one object. [D:/Data/HLS/packet-switch/packet-switch.srcs/constrs_1/new/basys3.xdc:54]
Resolution: If [get_<value>] was used to populate the object, check to make sure this command returns at least one valid object.
WARNING: [Vivado 12-584] No ports matched 'clock_100Mhz'. [D:/Data/HLS/packet-switch/packet-switch.srcs/constrs_1/new/basys3.xdc:55]
CRITICAL WARNING: [Common 17-55] 'set_property' expects at least one object. [D:/Data/HLS/packet-switch/packet-switch.srcs/constrs_1/new/basys3.xdc:55]
Resolution: If [get_<value>] was used to populate the object, check to make sure this command returns at least one valid object.
WARNING: [Vivado 12-584] No ports matched 'LED_out[6]'. [D:/Data/HLS/packet-switch/packet-switch.srcs/constrs_1/new/basys3.xdc:58]
CRITICAL WARNING: [Common 17-55] 'set_property' expects at least one object. [D:/Data/HLS/packet-switch/packet-switch.srcs/constrs_1/new/basys3.xdc:58]
Resolution: If [get_<value>] was used to populate the object, check to make sure this command returns at least one valid object.
WARNING: [Vivado 12-584] No ports matched 'LED_out[6]'. [D:/Data/HLS/packet-switch/packet-switch.srcs/constrs_1/new/basys3.xdc:59]
CRITICAL WARNING: [Common 17-55] 'set_property' expects at least one object. [D:/Data/HLS/packet-switch/packet-switch.srcs/constrs_1/new/basys3.xdc:59]
Resolution: If [get_<value>] was used to populate the object, check to make sure this command returns at least one valid object.
WARNING: [Vivado 12-584] No ports matched 'LED_out[5]'. [D:/Data/HLS/packet-switch/packet-switch.srcs/constrs_1/new/basys3.xdc:60]
CRITICAL WARNING: [Common 17-55] 'set_property' expects at least one object. [D:/Data/HLS/packet-switch/packet-switch.srcs/constrs_1/new/basys3.xdc:60]
Resolution: If [get_<value>] was used to populate the object, check to make sure this command returns at least one valid object.
WARNING: [Vivado 12-584] No ports matched 'LED_out[5]'. [D:/Data/HLS/packet-switch/packet-switch.srcs/constrs_1/new/basys3.xdc:61]
CRITICAL WARNING: [Common 17-55] 'set_property' expects at least one object. [D:/Data/HLS/packet-switch/packet-switch.srcs/constrs_1/new/basys3.xdc:61]
Resolution: If [get_<value>] was used to populate the object, check to make sure this command returns at least one valid object.
WARNING: [Vivado 12-584] No ports matched 'LED_out[4]'. [D:/Data/HLS/packet-switch/packet-switch.srcs/constrs_1/new/basys3.xdc:62]
CRITICAL WARNING: [Common 17-55] 'set_property' expects at least one object. [D:/Data/HLS/packet-switch/packet-switch.srcs/constrs_1/new/basys3.xdc:62]
Resolution: If [get_<value>] was used to populate the object, check to make sure this command returns at least one valid object.
WARNING: [Vivado 12-584] No ports matched 'LED_out[4]'. [D:/Data/HLS/packet-switch/packet-switch.srcs/constrs_1/new/basys3.xdc:63]
CRITICAL WARNING: [Common 17-55] 'set_property' expects at least one object. [D:/Data/HLS/packet-switch/packet-switch.srcs/constrs_1/new/basys3.xdc:63]
Resolution: If [get_<value>] was used to populate the object, check to make sure this command returns at least one valid object.
WARNING: [Vivado 12-584] No ports matched 'LED_out[3]'. [D:/Data/HLS/packet-switch/packet-switch.srcs/constrs_1/new/basys3.xdc:64]
CRITICAL WARNING: [Common 17-55] 'set_property' expects at least one object. [D:/Data/HLS/packet-switch/packet-switch.srcs/constrs_1/new/basys3.xdc:64]
Resolution: If [get_<value>] was used to populate the object, check to make sure this command returns at least one valid object.
WARNING: [Vivado 12-584] No ports matched 'LED_out[3]'. [D:/Data/HLS/packet-switch/packet-switch.srcs/constrs_1/new/basys3.xdc:65]
CRITICAL WARNING: [Common 17-55] 'set_property' expects at least one object. [D:/Data/HLS/packet-switch/packet-switch.srcs/constrs_1/new/basys3.xdc:65]
Resolution: If [get_<value>] was used to populate the object, check to make sure this command returns at least one valid object.
WARNING: [Vivado 12-584] No ports matched 'LED_out[2]'. [D:/Data/HLS/packet-switch/packet-switch.srcs/constrs_1/new/basys3.xdc:66]
CRITICAL WARNING: [Common 17-55] 'set_property' expects at least one object. [D:/Data/HLS/packet-switch/packet-switch.srcs/constrs_1/new/basys3.xdc:66]
Resolution: If [get_<value>] was used to populate the object, check to make sure this command returns at least one valid object.
WARNING: [Vivado 12-584] No ports matched 'LED_out[2]'. [D:/Data/HLS/packet-switch/packet-switch.srcs/constrs_1/new/basys3.xdc:67]
CRITICAL WARNING: [Common 17-55] 'set_property' expects at least one object. [D:/Data/HLS/packet-switch/packet-switch.srcs/constrs_1/new/basys3.xdc:67]
Resolution: If [get_<value>] was used to populate the object, check to make sure this command returns at least one valid object.
WARNING: [Vivado 12-584] No ports matched 'LED_out[1]'. [D:/Data/HLS/packet-switch/packet-switch.srcs/constrs_1/new/basys3.xdc:68]
CRITICAL WARNING: [Common 17-55] 'set_property' expects at least one object. [D:/Data/HLS/packet-switch/packet-switch.srcs/constrs_1/new/basys3.xdc:68]
Resolution: If [get_<value>] was used to populate the object, check to make sure this command returns at least one valid object.
WARNING: [Vivado 12-584] No ports matched 'LED_out[1]'. [D:/Data/HLS/packet-switch/packet-switch.srcs/constrs_1/new/basys3.xdc:69]
CRITICAL WARNING: [Common 17-55] 'set_property' expects at least one object. [D:/Data/HLS/packet-switch/packet-switch.srcs/constrs_1/new/basys3.xdc:69]
Resolution: If [get_<value>] was used to populate the object, check to make sure this command returns at least one valid object.
WARNING: [Vivado 12-584] No ports matched 'LED_out[0]'. [D:/Data/HLS/packet-switch/packet-switch.srcs/constrs_1/new/basys3.xdc:70]
CRITICAL WARNING: [Common 17-55] 'set_property' expects at least one object. [D:/Data/HLS/packet-switch/packet-switch.srcs/constrs_1/new/basys3.xdc:70]
Resolution: If [get_<value>] was used to populate the object, check to make sure this command returns at least one valid object.
WARNING: [Vivado 12-584] No ports matched 'LED_out[0]'. [D:/Data/HLS/packet-switch/packet-switch.srcs/constrs_1/new/basys3.xdc:71]
CRITICAL WARNING: [Common 17-55] 'set_property' expects at least one object. [D:/Data/HLS/packet-switch/packet-switch.srcs/constrs_1/new/basys3.xdc:71]
Resolution: If [get_<value>] was used to populate the object, check to make sure this command returns at least one valid object.
WARNING: [Vivado 12-584] No ports matched 'Anode_Activate[0]'. [D:/Data/HLS/packet-switch/packet-switch.srcs/constrs_1/new/basys3.xdc:72]
CRITICAL WARNING: [Common 17-55] 'set_property' expects at least one object. [D:/Data/HLS/packet-switch/packet-switch.srcs/constrs_1/new/basys3.xdc:72]
Resolution: If [get_<value>] was used to populate the object, check to make sure this command returns at least one valid object.
WARNING: [Vivado 12-584] No ports matched 'Anode_Activate[0]'. [D:/Data/HLS/packet-switch/packet-switch.srcs/constrs_1/new/basys3.xdc:73]
CRITICAL WARNING: [Common 17-55] 'set_property' expects at least one object. [D:/Data/HLS/packet-switch/packet-switch.srcs/constrs_1/new/basys3.xdc:73]
Resolution: If [get_<value>] was used to populate the object, check to make sure this command returns at least one valid object.
WARNING: [Vivado 12-584] No ports matched 'Anode_Activate[1]'. [D:/Data/HLS/packet-switch/packet-switch.srcs/constrs_1/new/basys3.xdc:74]
CRITICAL WARNING: [Common 17-55] 'set_property' expects at least one object. [D:/Data/HLS/packet-switch/packet-switch.srcs/constrs_1/new/basys3.xdc:74]
Resolution: If [get_<value>] was used to populate the object, check to make sure this command returns at least one valid object.
WARNING: [Vivado 12-584] No ports matched 'Anode_Activate[1]'. [D:/Data/HLS/packet-switch/packet-switch.srcs/constrs_1/new/basys3.xdc:75]
CRITICAL WARNING: [Common 17-55] 'set_property' expects at least one object. [D:/Data/HLS/packet-switch/packet-switch.srcs/constrs_1/new/basys3.xdc:75]
Resolution: If [get_<value>] was used to populate the object, check to make sure this command returns at least one valid object.
WARNING: [Vivado 12-584] No ports matched 'Anode_Activate[2]'. [D:/Data/HLS/packet-switch/packet-switch.srcs/constrs_1/new/basys3.xdc:76]
CRITICAL WARNING: [Common 17-55] 'set_property' expects at least one object. [D:/Data/HLS/packet-switch/packet-switch.srcs/constrs_1/new/basys3.xdc:76]
Resolution: If [get_<value>] was used to populate the object, check to make sure this command returns at least one valid object.
WARNING: [Vivado 12-584] No ports matched 'Anode_Activate[2]'. [D:/Data/HLS/packet-switch/packet-switch.srcs/constrs_1/new/basys3.xdc:77]
CRITICAL WARNING: [Common 17-55] 'set_property' expects at least one object. [D:/Data/HLS/packet-switch/packet-switch.srcs/constrs_1/new/basys3.xdc:77]
Resolution: If [get_<value>] was used to populate the object, check to make sure this command returns at least one valid object.
WARNING: [Vivado 12-584] No ports matched 'Anode_Activate[3]'. [D:/Data/HLS/packet-switch/packet-switch.srcs/constrs_1/new/basys3.xdc:78]
CRITICAL WARNING: [Common 17-55] 'set_property' expects at least one object. [D:/Data/HLS/packet-switch/packet-switch.srcs/constrs_1/new/basys3.xdc:78]
Resolution: If [get_<value>] was used to populate the object, check to make sure this command returns at least one valid object.
WARNING: [Vivado 12-584] No ports matched 'Anode_Activate[3]'. [D:/Data/HLS/packet-switch/packet-switch.srcs/constrs_1/new/basys3.xdc:79]
CRITICAL WARNING: [Common 17-55] 'set_property' expects at least one object. [D:/Data/HLS/packet-switch/packet-switch.srcs/constrs_1/new/basys3.xdc:79]
Resolution: If [get_<value>] was used to populate the object, check to make sure this command returns at least one valid object.
Finished Parsing XDC File [D:/Data/HLS/packet-switch/packet-switch.srcs/constrs_1/new/basys3.xdc]
Completed Processing XDC Constraints

Netlist sorting complete. Time (s): cpu = 00:00:00 ; elapsed = 00:00:00 . Memory (MB): peak = 1243.656 ; gain = 0.000
INFO: [Project 1-111] Unisim Transformation Summary:
No Unisim elements were transformed.

Constraint Validation Runtime : Time (s): cpu = 00:00:00 ; elapsed = 00:00:00.007 . Memory (MB): peak = 1243.656 ; gain = 0.000
WARNING: [Designutils 20-4072] Reference run did not run incremental synthesis because the design is too small; reverting to default synthesis
INFO: [Designutils 20-4379] Flow is switching to default flow due to incremental criteria not met. If you would like to alter this behaviour and have the flow terminate instead, please set the following parameter config_implementation {autoIncr.Synth.RejectBehavior Terminate}
---------------------------------------------------------------------------------
Finished Constraint Validation : Time (s): cpu = 00:00:09 ; elapsed = 00:00:11 . Memory (MB): peak = 1243.656 ; gain = 0.000
---------------------------------------------------------------------------------
---------------------------------------------------------------------------------
Start Loading Part and Timing Information
---------------------------------------------------------------------------------
Loading part: xc7a35tcpg236-1
---------------------------------------------------------------------------------
Finished Loading Part and Timing Information : Time (s): cpu = 00:00:09 ; elapsed = 00:00:11 . Memory (MB): peak = 1243.656 ; gain = 0.000
---------------------------------------------------------------------------------
---------------------------------------------------------------------------------
Start Applying 'set_property' XDC Constraints
---------------------------------------------------------------------------------
---------------------------------------------------------------------------------
Finished applying 'set_property' XDC Constraints : Time (s): cpu = 00:00:09 ; elapsed = 00:00:11 . Memory (MB): peak = 1243.656 ; gain = 0.000
---------------------------------------------------------------------------------
WARNING: [Synth 8-327] inferring latch for variable 'source_port_reg' [D:/Data/HLS/packet-switch/packet-switch.srcs/sources_1/new/pass_through.v:81]
WARNING: [Synth 8-327] inferring latch for variable 'dest_port_reg' [D:/Data/HLS/packet-switch/packet-switch.srcs/sources_1/new/pass_through.v:82]
WARNING: [Synth 8-327] inferring latch for variable 'data_reg' [D:/Data/HLS/packet-switch/packet-switch.srcs/sources_1/new/pass_through.v:83]
---------------------------------------------------------------------------------
Finished RTL Optimization Phase 2 : Time (s): cpu = 00:00:09 ; elapsed = 00:00:11 . Memory (MB): peak = 1243.656 ; gain = 0.000
---------------------------------------------------------------------------------
---------------------------------------------------------------------------------
Start RTL Component Statistics 
---------------------------------------------------------------------------------
Detailed RTL Component Info : 
+---Adders : 
	   2 Input   10 Bit       Adders := 1     
	   2 Input    9 Bit       Adders := 1     
+---Registers : 
	              464 Bit    Registers := 1     
	               10 Bit    Registers := 1     
	                9 Bit    Registers := 1     
	                1 Bit    Registers := 2     
+---Muxes : 
	   2 Input  464 Bit        Muxes := 4     
---------------------------------------------------------------------------------
Finished RTL Component Statistics 
---------------------------------------------------------------------------------
---------------------------------------------------------------------------------
Start Part Resource Summary
---------------------------------------------------------------------------------
Part Resources:
DSPs: 90 (col length:60)
BRAMs: 100 (col length: RAMB18 60 RAMB36 30)
---------------------------------------------------------------------------------
Finished Part Resource Summary
---------------------------------------------------------------------------------
---------------------------------------------------------------------------------
Start Cross Boundary and Area Optimization
---------------------------------------------------------------------------------
WARNING: [Synth 8-7080] Parallel synthesis criteria is not met
---------------------------------------------------------------------------------
Finished Cross Boundary and Area Optimization : Time (s): cpu = 00:00:12 ; elapsed = 00:00:14 . Memory (MB): peak = 1243.656 ; gain = 0.000
---------------------------------------------------------------------------------
---------------------------------------------------------------------------------
Start Applying XDC Timing Constraints
---------------------------------------------------------------------------------
---------------------------------------------------------------------------------
Finished Applying XDC Timing Constraints : Time (s): cpu = 00:00:16 ; elapsed = 00:00:19 . Memory (MB): peak = 1243.656 ; gain = 0.000
---------------------------------------------------------------------------------
---------------------------------------------------------------------------------
Start Timing Optimization
---------------------------------------------------------------------------------
---------------------------------------------------------------------------------
Finished Timing Optimization : Time (s): cpu = 00:00:16 ; elapsed = 00:00:19 . Memory (MB): peak = 1243.656 ; gain = 0.000
---------------------------------------------------------------------------------
---------------------------------------------------------------------------------
Start Technology Mapping
---------------------------------------------------------------------------------
---------------------------------------------------------------------------------
Finished Technology Mapping : Time (s): cpu = 00:00:16 ; elapsed = 00:00:19 . Memory (MB): peak = 1243.656 ; gain = 0.000
---------------------------------------------------------------------------------
---------------------------------------------------------------------------------
Start IO Insertion
---------------------------------------------------------------------------------
---------------------------------------------------------------------------------
Start Flattening Before IO Insertion
---------------------------------------------------------------------------------
---------------------------------------------------------------------------------
Finished Flattening Before IO Insertion
---------------------------------------------------------------------------------
---------------------------------------------------------------------------------
Start Final Netlist Cleanup
---------------------------------------------------------------------------------
---------------------------------------------------------------------------------
Finished Final Netlist Cleanup
---------------------------------------------------------------------------------
---------------------------------------------------------------------------------
Finished IO Insertion : Time (s): cpu = 00:00:20 ; elapsed = 00:00:22 . Memory (MB): peak = 1243.656 ; gain = 0.000
---------------------------------------------------------------------------------
---------------------------------------------------------------------------------
Start Renaming Generated Instances
---------------------------------------------------------------------------------
---------------------------------------------------------------------------------
Finished Renaming Generated Instances : Time (s): cpu = 00:00:20 ; elapsed = 00:00:22 . Memory (MB): peak = 1243.656 ; gain = 0.000
---------------------------------------------------------------------------------
---------------------------------------------------------------------------------
Start Rebuilding User Hierarchy
---------------------------------------------------------------------------------
---------------------------------------------------------------------------------
Finished Rebuilding User Hierarchy : Time (s): cpu = 00:00:20 ; elapsed = 00:00:22 . Memory (MB): peak = 1243.656 ; gain = 0.000
---------------------------------------------------------------------------------
---------------------------------------------------------------------------------
Start Renaming Generated Ports
---------------------------------------------------------------------------------
---------------------------------------------------------------------------------
Finished Renaming Generated Ports : Time (s): cpu = 00:00:20 ; elapsed = 00:00:22 . Memory (MB): peak = 1243.656 ; gain = 0.000
---------------------------------------------------------------------------------
---------------------------------------------------------------------------------
Start Handling Custom Attributes
---------------------------------------------------------------------------------
---------------------------------------------------------------------------------
Finished Handling Custom Attributes : Time (s): cpu = 00:00:20 ; elapsed = 00:00:22 . Memory (MB): peak = 1243.656 ; gain = 0.000
---------------------------------------------------------------------------------
---------------------------------------------------------------------------------
Start Renaming Generated Nets
---------------------------------------------------------------------------------
---------------------------------------------------------------------------------
Finished Renaming Generated Nets : Time (s): cpu = 00:00:20 ; elapsed = 00:00:22 . Memory (MB): peak = 1243.656 ; gain = 0.000
---------------------------------------------------------------------------------
---------------------------------------------------------------------------------
Start Writing Synthesis Report
---------------------------------------------------------------------------------

Report BlackBoxes: 
+-+--------------+----------+
| |BlackBox name |Instances |
+-+--------------+----------+
+-+--------------+----------+

Report Cell Usage: 
+------+-----+------+
|      |Cell |Count |
+------+-----+------+
|1     |BUFG |     2|
|2     |LUT1 |     1|
|3     |LUT2 |     6|
|4     |LUT3 |     9|
|5     |LUT4 |    21|
|6     |LUT5 |   318|
|7     |LUT6 |   166|
|8     |FDRE |   485|
|9     |LD   |   128|
|10    |IBUF |     2|
|11    |OBUF |   592|
+------+-----+------+
---------------------------------------------------------------------------------
Finished Writing Synthesis Report : Time (s): cpu = 00:00:20 ; elapsed = 00:00:22 . Memory (MB): peak = 1243.656 ; gain = 0.000
---------------------------------------------------------------------------------
Synthesis finished with 0 errors, 0 critical warnings and 4 warnings.
Synthesis Optimization Runtime : Time (s): cpu = 00:00:14 ; elapsed = 00:00:21 . Memory (MB): peak = 1243.656 ; gain = 0.000
Synthesis Optimization Complete : Time (s): cpu = 00:00:20 ; elapsed = 00:00:22 . Memory (MB): peak = 1243.656 ; gain = 0.000
INFO: [Project 1-571] Translating synthesized netlist
Netlist sorting complete. Time (s): cpu = 00:00:00 ; elapsed = 00:00:00.011 . Memory (MB): peak = 1250.496 ; gain = 0.000
INFO: [Netlist 29-17] Analyzing 128 Unisim elements for replacement
INFO: [Netlist 29-28] Unisim Transformation completed in 0 CPU seconds
WARNING: [Netlist 29-101] Netlist 'pass_through' is not ideal for floorplanning, since the cellview 'pass_through' contains a large number of primitives.  Please consider enabling hierarchy in synthesis if you want to do floorplanning.
INFO: [Project 1-570] Preparing netlist for logic optimization
INFO: [Opt 31-138] Pushed 0 inverter(s) to 0 load pin(s).
Netlist sorting complete. Time (s): cpu = 00:00:00 ; elapsed = 00:00:00 . Memory (MB): peak = 1258.418 ; gain = 0.000
INFO: [Project 1-111] Unisim Transformation Summary:
  A total of 128 instances were transformed.
  LD => LDCE: 128 instances

Synth Design complete, checksum: 4e904dab
INFO: [Common 17-83] Releasing license: Synthesis
20 Infos, 79 Warnings, 72 Critical Warnings and 0 Errors encountered.
synth_design completed successfully
synth_design: Time (s): cpu = 00:00:23 ; elapsed = 00:00:32 . Memory (MB): peak = 1258.418 ; gain = 14.762
INFO: [runtcl-6] Synthesis results are not added to the cache due to CRITICAL_WARNING
INFO: [Common 17-1381] The checkpoint 'D:/Data/HLS/packet-switch/packet-switch.runs/synth_1/pass_through.dcp' has been generated.
INFO: [runtcl-4] Executing : report_utilization -file pass_through_utilization_synth.rpt -pb pass_through_utilization_synth.pb
INFO: [Common 17-206] Exiting Vivado at Tue Jun 13 01:28:22 2023...
