
*** Running vivado
    with args -log pass_through.vdi -applog -m64 -product Vivado -messageDb vivado.pb -mode batch -source pass_through.tcl -notrace



****** Vivado v2021.2 (64-bit)
  **** SW Build 3367213 on Tue Oct 19 02:48:09 MDT 2021
  **** IP Build 3369179 on Thu Oct 21 08:25:16 MDT 2021
    ** Copyright 1986-2021 Xilinx, Inc. All Rights Reserved.

source pass_through.tcl -notrace
Command: link_design -top pass_through -part xc7a35tcpg236-1
Design is defaulting to srcset: sources_1
Design is defaulting to constrset: constrs_1
INFO: [Device 21-403] Loading part xc7a35tcpg236-1
Netlist sorting complete. Time (s): cpu = 00:00:00 ; elapsed = 00:00:00 . Memory (MB): peak = 1244.246 ; gain = 0.000
INFO: [Netlist 29-17] Analyzing 3 Unisim elements for replacement
INFO: [Netlist 29-28] Unisim Transformation completed in 1 CPU seconds
INFO: [Project 1-479] Netlist was created with Vivado 2021.2
INFO: [Project 1-570] Preparing netlist for logic optimization
Parsing XDC File [D:/Data/HLS/packet-switch/packet-switch.srcs/constrs_1/new/basys3.xdc]
WARNING: [Vivado 12-584] No ports matched 'sw[0]'. [D:/Data/HLS/packet-switch/packet-switch.srcs/constrs_1/new/basys3.xdc:2]
CRITICAL WARNING: [Common 17-55] 'set_property' expects at least one object. [D:/Data/HLS/packet-switch/packet-switch.srcs/constrs_1/new/basys3.xdc:2]
Resolution: If [get_<value>] was used to populate the object, check to make sure this command returns at least one valid object.
WARNING: [Vivado 12-584] No ports matched 'sw[0]'. [D:/Data/HLS/packet-switch/packet-switch.srcs/constrs_1/new/basys3.xdc:3]
CRITICAL WARNING: [Common 17-55] 'set_property' expects at least one object. [D:/Data/HLS/packet-switch/packet-switch.srcs/constrs_1/new/basys3.xdc:3]
Resolution: If [get_<value>] was used to populate the object, check to make sure this command returns at least one valid object.
WARNING: [Vivado 12-584] No ports matched 'sw[1]'. [D:/Data/HLS/packet-switch/packet-switch.srcs/constrs_1/new/basys3.xdc:4]
CRITICAL WARNING: [Common 17-55] 'set_property' expects at least one object. [D:/Data/HLS/packet-switch/packet-switch.srcs/constrs_1/new/basys3.xdc:4]
Resolution: If [get_<value>] was used to populate the object, check to make sure this command returns at least one valid object.
WARNING: [Vivado 12-584] No ports matched 'sw[1]'. [D:/Data/HLS/packet-switch/packet-switch.srcs/constrs_1/new/basys3.xdc:5]
CRITICAL WARNING: [Common 17-55] 'set_property' expects at least one object. [D:/Data/HLS/packet-switch/packet-switch.srcs/constrs_1/new/basys3.xdc:5]
Resolution: If [get_<value>] was used to populate the object, check to make sure this command returns at least one valid object.
WARNING: [Vivado 12-584] No ports matched 'sw[2]'. [D:/Data/HLS/packet-switch/packet-switch.srcs/constrs_1/new/basys3.xdc:6]
CRITICAL WARNING: [Common 17-55] 'set_property' expects at least one object. [D:/Data/HLS/packet-switch/packet-switch.srcs/constrs_1/new/basys3.xdc:6]
Resolution: If [get_<value>] was used to populate the object, check to make sure this command returns at least one valid object.
WARNING: [Vivado 12-584] No ports matched 'sw[2]'. [D:/Data/HLS/packet-switch/packet-switch.srcs/constrs_1/new/basys3.xdc:7]
CRITICAL WARNING: [Common 17-55] 'set_property' expects at least one object. [D:/Data/HLS/packet-switch/packet-switch.srcs/constrs_1/new/basys3.xdc:7]
Resolution: If [get_<value>] was used to populate the object, check to make sure this command returns at least one valid object.
WARNING: [Vivado 12-584] No ports matched 'sw[3]'. [D:/Data/HLS/packet-switch/packet-switch.srcs/constrs_1/new/basys3.xdc:8]
CRITICAL WARNING: [Common 17-55] 'set_property' expects at least one object. [D:/Data/HLS/packet-switch/packet-switch.srcs/constrs_1/new/basys3.xdc:8]
Resolution: If [get_<value>] was used to populate the object, check to make sure this command returns at least one valid object.
WARNING: [Vivado 12-584] No ports matched 'sw[3]'. [D:/Data/HLS/packet-switch/packet-switch.srcs/constrs_1/new/basys3.xdc:9]
CRITICAL WARNING: [Common 17-55] 'set_property' expects at least one object. [D:/Data/HLS/packet-switch/packet-switch.srcs/constrs_1/new/basys3.xdc:9]
Resolution: If [get_<value>] was used to populate the object, check to make sure this command returns at least one valid object.
WARNING: [Vivado 12-584] No ports matched 'sw[4]'. [D:/Data/HLS/packet-switch/packet-switch.srcs/constrs_1/new/basys3.xdc:10]
CRITICAL WARNING: [Common 17-55] 'set_property' expects at least one object. [D:/Data/HLS/packet-switch/packet-switch.srcs/constrs_1/new/basys3.xdc:10]
Resolution: If [get_<value>] was used to populate the object, check to make sure this command returns at least one valid object.
WARNING: [Vivado 12-584] No ports matched 'sw[4]'. [D:/Data/HLS/packet-switch/packet-switch.srcs/constrs_1/new/basys3.xdc:11]
CRITICAL WARNING: [Common 17-55] 'set_property' expects at least one object. [D:/Data/HLS/packet-switch/packet-switch.srcs/constrs_1/new/basys3.xdc:11]
Resolution: If [get_<value>] was used to populate the object, check to make sure this command returns at least one valid object.
WARNING: [Vivado 12-584] No ports matched 'sw[5]'. [D:/Data/HLS/packet-switch/packet-switch.srcs/constrs_1/new/basys3.xdc:12]
CRITICAL WARNING: [Common 17-55] 'set_property' expects at least one object. [D:/Data/HLS/packet-switch/packet-switch.srcs/constrs_1/new/basys3.xdc:12]
Resolution: If [get_<value>] was used to populate the object, check to make sure this command returns at least one valid object.
WARNING: [Vivado 12-584] No ports matched 'sw[5]'. [D:/Data/HLS/packet-switch/packet-switch.srcs/constrs_1/new/basys3.xdc:13]
CRITICAL WARNING: [Common 17-55] 'set_property' expects at least one object. [D:/Data/HLS/packet-switch/packet-switch.srcs/constrs_1/new/basys3.xdc:13]
Resolution: If [get_<value>] was used to populate the object, check to make sure this command returns at least one valid object.
WARNING: [Vivado 12-584] No ports matched 'sw[6]'. [D:/Data/HLS/packet-switch/packet-switch.srcs/constrs_1/new/basys3.xdc:14]
CRITICAL WARNING: [Common 17-55] 'set_property' expects at least one object. [D:/Data/HLS/packet-switch/packet-switch.srcs/constrs_1/new/basys3.xdc:14]
Resolution: If [get_<value>] was used to populate the object, check to make sure this command returns at least one valid object.
WARNING: [Vivado 12-584] No ports matched 'sw[6]'. [D:/Data/HLS/packet-switch/packet-switch.srcs/constrs_1/new/basys3.xdc:15]
CRITICAL WARNING: [Common 17-55] 'set_property' expects at least one object. [D:/Data/HLS/packet-switch/packet-switch.srcs/constrs_1/new/basys3.xdc:15]
Resolution: If [get_<value>] was used to populate the object, check to make sure this command returns at least one valid object.
WARNING: [Vivado 12-584] No ports matched 'sw[7]'. [D:/Data/HLS/packet-switch/packet-switch.srcs/constrs_1/new/basys3.xdc:16]
CRITICAL WARNING: [Common 17-55] 'set_property' expects at least one object. [D:/Data/HLS/packet-switch/packet-switch.srcs/constrs_1/new/basys3.xdc:16]
Resolution: If [get_<value>] was used to populate the object, check to make sure this command returns at least one valid object.
WARNING: [Vivado 12-584] No ports matched 'sw[7]'. [D:/Data/HLS/packet-switch/packet-switch.srcs/constrs_1/new/basys3.xdc:17]
CRITICAL WARNING: [Common 17-55] 'set_property' expects at least one object. [D:/Data/HLS/packet-switch/packet-switch.srcs/constrs_1/new/basys3.xdc:17]
Resolution: If [get_<value>] was used to populate the object, check to make sure this command returns at least one valid object.
WARNING: [Vivado 12-584] No ports matched 'sw[8]'. [D:/Data/HLS/packet-switch/packet-switch.srcs/constrs_1/new/basys3.xdc:18]
CRITICAL WARNING: [Common 17-55] 'set_property' expects at least one object. [D:/Data/HLS/packet-switch/packet-switch.srcs/constrs_1/new/basys3.xdc:18]
Resolution: If [get_<value>] was used to populate the object, check to make sure this command returns at least one valid object.
WARNING: [Vivado 12-584] No ports matched 'sw[8]'. [D:/Data/HLS/packet-switch/packet-switch.srcs/constrs_1/new/basys3.xdc:19]
CRITICAL WARNING: [Common 17-55] 'set_property' expects at least one object. [D:/Data/HLS/packet-switch/packet-switch.srcs/constrs_1/new/basys3.xdc:19]
Resolution: If [get_<value>] was used to populate the object, check to make sure this command returns at least one valid object.
WARNING: [Vivado 12-584] No ports matched 'sw[9]'. [D:/Data/HLS/packet-switch/packet-switch.srcs/constrs_1/new/basys3.xdc:20]
CRITICAL WARNING: [Common 17-55] 'set_property' expects at least one object. [D:/Data/HLS/packet-switch/packet-switch.srcs/constrs_1/new/basys3.xdc:20]
Resolution: If [get_<value>] was used to populate the object, check to make sure this command returns at least one valid object.
WARNING: [Vivado 12-584] No ports matched 'sw[9]'. [D:/Data/HLS/packet-switch/packet-switch.srcs/constrs_1/new/basys3.xdc:21]
CRITICAL WARNING: [Common 17-55] 'set_property' expects at least one object. [D:/Data/HLS/packet-switch/packet-switch.srcs/constrs_1/new/basys3.xdc:21]
Resolution: If [get_<value>] was used to populate the object, check to make sure this command returns at least one valid object.
WARNING: [Vivado 12-584] No ports matched 'sw[10]'. [D:/Data/HLS/packet-switch/packet-switch.srcs/constrs_1/new/basys3.xdc:22]
CRITICAL WARNING: [Common 17-55] 'set_property' expects at least one object. [D:/Data/HLS/packet-switch/packet-switch.srcs/constrs_1/new/basys3.xdc:22]
Resolution: If [get_<value>] was used to populate the object, check to make sure this command returns at least one valid object.
WARNING: [Vivado 12-584] No ports matched 'sw[10]'. [D:/Data/HLS/packet-switch/packet-switch.srcs/constrs_1/new/basys3.xdc:23]
CRITICAL WARNING: [Common 17-55] 'set_property' expects at least one object. [D:/Data/HLS/packet-switch/packet-switch.srcs/constrs_1/new/basys3.xdc:23]
Resolution: If [get_<value>] was used to populate the object, check to make sure this command returns at least one valid object.
WARNING: [Vivado 12-584] No ports matched 'sw[11]'. [D:/Data/HLS/packet-switch/packet-switch.srcs/constrs_1/new/basys3.xdc:24]
CRITICAL WARNING: [Common 17-55] 'set_property' expects at least one object. [D:/Data/HLS/packet-switch/packet-switch.srcs/constrs_1/new/basys3.xdc:24]
Resolution: If [get_<value>] was used to populate the object, check to make sure this command returns at least one valid object.
WARNING: [Vivado 12-584] No ports matched 'sw[11]'. [D:/Data/HLS/packet-switch/packet-switch.srcs/constrs_1/new/basys3.xdc:25]
CRITICAL WARNING: [Common 17-55] 'set_property' expects at least one object. [D:/Data/HLS/packet-switch/packet-switch.srcs/constrs_1/new/basys3.xdc:25]
Resolution: If [get_<value>] was used to populate the object, check to make sure this command returns at least one valid object.
WARNING: [Vivado 12-584] No ports matched 'sw[12]'. [D:/Data/HLS/packet-switch/packet-switch.srcs/constrs_1/new/basys3.xdc:26]
CRITICAL WARNING: [Common 17-55] 'set_property' expects at least one object. [D:/Data/HLS/packet-switch/packet-switch.srcs/constrs_1/new/basys3.xdc:26]
Resolution: If [get_<value>] was used to populate the object, check to make sure this command returns at least one valid object.
WARNING: [Vivado 12-584] No ports matched 'sw[12]'. [D:/Data/HLS/packet-switch/packet-switch.srcs/constrs_1/new/basys3.xdc:27]
CRITICAL WARNING: [Common 17-55] 'set_property' expects at least one object. [D:/Data/HLS/packet-switch/packet-switch.srcs/constrs_1/new/basys3.xdc:27]
Resolution: If [get_<value>] was used to populate the object, check to make sure this command returns at least one valid object.
WARNING: [Vivado 12-584] No ports matched 'sw[13]'. [D:/Data/HLS/packet-switch/packet-switch.srcs/constrs_1/new/basys3.xdc:28]
CRITICAL WARNING: [Common 17-55] 'set_property' expects at least one object. [D:/Data/HLS/packet-switch/packet-switch.srcs/constrs_1/new/basys3.xdc:28]
Resolution: If [get_<value>] was used to populate the object, check to make sure this command returns at least one valid object.
WARNING: [Vivado 12-584] No ports matched 'sw[13]'. [D:/Data/HLS/packet-switch/packet-switch.srcs/constrs_1/new/basys3.xdc:29]
CRITICAL WARNING: [Common 17-55] 'set_property' expects at least one object. [D:/Data/HLS/packet-switch/packet-switch.srcs/constrs_1/new/basys3.xdc:29]
Resolution: If [get_<value>] was used to populate the object, check to make sure this command returns at least one valid object.
WARNING: [Vivado 12-584] No ports matched 'sw[14]'. [D:/Data/HLS/packet-switch/packet-switch.srcs/constrs_1/new/basys3.xdc:30]
CRITICAL WARNING: [Common 17-55] 'set_property' expects at least one object. [D:/Data/HLS/packet-switch/packet-switch.srcs/constrs_1/new/basys3.xdc:30]
Resolution: If [get_<value>] was used to populate the object, check to make sure this command returns at least one valid object.
WARNING: [Vivado 12-584] No ports matched 'sw[14]'. [D:/Data/HLS/packet-switch/packet-switch.srcs/constrs_1/new/basys3.xdc:31]
CRITICAL WARNING: [Common 17-55] 'set_property' expects at least one object. [D:/Data/HLS/packet-switch/packet-switch.srcs/constrs_1/new/basys3.xdc:31]
Resolution: If [get_<value>] was used to populate the object, check to make sure this command returns at least one valid object.
WARNING: [Vivado 12-584] No ports matched 'sw[15]'. [D:/Data/HLS/packet-switch/packet-switch.srcs/constrs_1/new/basys3.xdc:32]
CRITICAL WARNING: [Common 17-55] 'set_property' expects at least one object. [D:/Data/HLS/packet-switch/packet-switch.srcs/constrs_1/new/basys3.xdc:32]
Resolution: If [get_<value>] was used to populate the object, check to make sure this command returns at least one valid object.
WARNING: [Vivado 12-584] No ports matched 'sw[15]'. [D:/Data/HLS/packet-switch/packet-switch.srcs/constrs_1/new/basys3.xdc:33]
CRITICAL WARNING: [Common 17-55] 'set_property' expects at least one object. [D:/Data/HLS/packet-switch/packet-switch.srcs/constrs_1/new/basys3.xdc:33]
Resolution: If [get_<value>] was used to populate the object, check to make sure this command returns at least one valid object.
WARNING: [Vivado 12-584] No ports matched 'PMOD_JA[7]'. [D:/Data/HLS/packet-switch/packet-switch.srcs/constrs_1/new/basys3.xdc:36]
CRITICAL WARNING: [Common 17-55] 'set_property' expects at least one object. [D:/Data/HLS/packet-switch/packet-switch.srcs/constrs_1/new/basys3.xdc:36]
Resolution: If [get_<value>] was used to populate the object, check to make sure this command returns at least one valid object.
WARNING: [Vivado 12-584] No ports matched 'PMOD_JA[7]'. [D:/Data/HLS/packet-switch/packet-switch.srcs/constrs_1/new/basys3.xdc:37]
CRITICAL WARNING: [Common 17-55] 'set_property' expects at least one object. [D:/Data/HLS/packet-switch/packet-switch.srcs/constrs_1/new/basys3.xdc:37]
Resolution: If [get_<value>] was used to populate the object, check to make sure this command returns at least one valid object.
WARNING: [Vivado 12-584] No ports matched 'PMOD_JA[6]'. [D:/Data/HLS/packet-switch/packet-switch.srcs/constrs_1/new/basys3.xdc:38]
CRITICAL WARNING: [Common 17-55] 'set_property' expects at least one object. [D:/Data/HLS/packet-switch/packet-switch.srcs/constrs_1/new/basys3.xdc:38]
Resolution: If [get_<value>] was used to populate the object, check to make sure this command returns at least one valid object.
WARNING: [Vivado 12-584] No ports matched 'PMOD_JA[6]'. [D:/Data/HLS/packet-switch/packet-switch.srcs/constrs_1/new/basys3.xdc:39]
CRITICAL WARNING: [Common 17-55] 'set_property' expects at least one object. [D:/Data/HLS/packet-switch/packet-switch.srcs/constrs_1/new/basys3.xdc:39]
Resolution: If [get_<value>] was used to populate the object, check to make sure this command returns at least one valid object.
WARNING: [Vivado 12-584] No ports matched 'PMOD_JA[5]'. [D:/Data/HLS/packet-switch/packet-switch.srcs/constrs_1/new/basys3.xdc:40]
CRITICAL WARNING: [Common 17-55] 'set_property' expects at least one object. [D:/Data/HLS/packet-switch/packet-switch.srcs/constrs_1/new/basys3.xdc:40]
Resolution: If [get_<value>] was used to populate the object, check to make sure this command returns at least one valid object.
WARNING: [Vivado 12-584] No ports matched 'PMOD_JA[5]'. [D:/Data/HLS/packet-switch/packet-switch.srcs/constrs_1/new/basys3.xdc:41]
CRITICAL WARNING: [Common 17-55] 'set_property' expects at least one object. [D:/Data/HLS/packet-switch/packet-switch.srcs/constrs_1/new/basys3.xdc:41]
Resolution: If [get_<value>] was used to populate the object, check to make sure this command returns at least one valid object.
WARNING: [Vivado 12-584] No ports matched 'PMOD_JA[4]'. [D:/Data/HLS/packet-switch/packet-switch.srcs/constrs_1/new/basys3.xdc:42]
CRITICAL WARNING: [Common 17-55] 'set_property' expects at least one object. [D:/Data/HLS/packet-switch/packet-switch.srcs/constrs_1/new/basys3.xdc:42]
Resolution: If [get_<value>] was used to populate the object, check to make sure this command returns at least one valid object.
WARNING: [Vivado 12-584] No ports matched 'PMOD_JA[4]'. [D:/Data/HLS/packet-switch/packet-switch.srcs/constrs_1/new/basys3.xdc:43]
CRITICAL WARNING: [Common 17-55] 'set_property' expects at least one object. [D:/Data/HLS/packet-switch/packet-switch.srcs/constrs_1/new/basys3.xdc:43]
Resolution: If [get_<value>] was used to populate the object, check to make sure this command returns at least one valid object.
WARNING: [Vivado 12-584] No ports matched 'PMOD_JA[3]'. [D:/Data/HLS/packet-switch/packet-switch.srcs/constrs_1/new/basys3.xdc:44]
CRITICAL WARNING: [Common 17-55] 'set_property' expects at least one object. [D:/Data/HLS/packet-switch/packet-switch.srcs/constrs_1/new/basys3.xdc:44]
Resolution: If [get_<value>] was used to populate the object, check to make sure this command returns at least one valid object.
WARNING: [Vivado 12-584] No ports matched 'PMOD_JA[3]'. [D:/Data/HLS/packet-switch/packet-switch.srcs/constrs_1/new/basys3.xdc:45]
CRITICAL WARNING: [Common 17-55] 'set_property' expects at least one object. [D:/Data/HLS/packet-switch/packet-switch.srcs/constrs_1/new/basys3.xdc:45]
Resolution: If [get_<value>] was used to populate the object, check to make sure this command returns at least one valid object.
WARNING: [Vivado 12-584] No ports matched 'PMOD_JA[2]'. [D:/Data/HLS/packet-switch/packet-switch.srcs/constrs_1/new/basys3.xdc:46]
CRITICAL WARNING: [Common 17-55] 'set_property' expects at least one object. [D:/Data/HLS/packet-switch/packet-switch.srcs/constrs_1/new/basys3.xdc:46]
Resolution: If [get_<value>] was used to populate the object, check to make sure this command returns at least one valid object.
WARNING: [Vivado 12-584] No ports matched 'PMOD_JA[2]'. [D:/Data/HLS/packet-switch/packet-switch.srcs/constrs_1/new/basys3.xdc:47]
CRITICAL WARNING: [Common 17-55] 'set_property' expects at least one object. [D:/Data/HLS/packet-switch/packet-switch.srcs/constrs_1/new/basys3.xdc:47]
Resolution: If [get_<value>] was used to populate the object, check to make sure this command returns at least one valid object.
WARNING: [Vivado 12-584] No ports matched 'PMOD_JA[1]'. [D:/Data/HLS/packet-switch/packet-switch.srcs/constrs_1/new/basys3.xdc:48]
CRITICAL WARNING: [Common 17-55] 'set_property' expects at least one object. [D:/Data/HLS/packet-switch/packet-switch.srcs/constrs_1/new/basys3.xdc:48]
Resolution: If [get_<value>] was used to populate the object, check to make sure this command returns at least one valid object.
WARNING: [Vivado 12-584] No ports matched 'PMOD_JA[1]'. [D:/Data/HLS/packet-switch/packet-switch.srcs/constrs_1/new/basys3.xdc:49]
CRITICAL WARNING: [Common 17-55] 'set_property' expects at least one object. [D:/Data/HLS/packet-switch/packet-switch.srcs/constrs_1/new/basys3.xdc:49]
Resolution: If [get_<value>] was used to populate the object, check to make sure this command returns at least one valid object.
WARNING: [Vivado 12-584] No ports matched 'PMOD_JA[0]'. [D:/Data/HLS/packet-switch/packet-switch.srcs/constrs_1/new/basys3.xdc:50]
CRITICAL WARNING: [Common 17-55] 'set_property' expects at least one object. [D:/Data/HLS/packet-switch/packet-switch.srcs/constrs_1/new/basys3.xdc:50]
Resolution: If [get_<value>] was used to populate the object, check to make sure this command returns at least one valid object.
WARNING: [Vivado 12-584] No ports matched 'PMOD_JA[0]'. [D:/Data/HLS/packet-switch/packet-switch.srcs/constrs_1/new/basys3.xdc:51]
CRITICAL WARNING: [Common 17-55] 'set_property' expects at least one object. [D:/Data/HLS/packet-switch/packet-switch.srcs/constrs_1/new/basys3.xdc:51]
Resolution: If [get_<value>] was used to populate the object, check to make sure this command returns at least one valid object.
WARNING: [Vivado 12-584] No ports matched 'clock_100Mhz'. [D:/Data/HLS/packet-switch/packet-switch.srcs/constrs_1/new/basys3.xdc:54]
CRITICAL WARNING: [Common 17-55] 'set_property' expects at least one object. [D:/Data/HLS/packet-switch/packet-switch.srcs/constrs_1/new/basys3.xdc:54]
Resolution: If [get_<value>] was used to populate the object, check to make sure this command returns at least one valid object.
WARNING: [Vivado 12-584] No ports matched 'clock_100Mhz'. [D:/Data/HLS/packet-switch/packet-switch.srcs/constrs_1/new/basys3.xdc:55]
CRITICAL WARNING: [Common 17-55] 'set_property' expects at least one object. [D:/Data/HLS/packet-switch/packet-switch.srcs/constrs_1/new/basys3.xdc:55]
Resolution: If [get_<value>] was used to populate the object, check to make sure this command returns at least one valid object.
WARNING: [Vivado 12-584] No ports matched 'LED_out[6]'. [D:/Data/HLS/packet-switch/packet-switch.srcs/constrs_1/new/basys3.xdc:58]
CRITICAL WARNING: [Common 17-55] 'set_property' expects at least one object. [D:/Data/HLS/packet-switch/packet-switch.srcs/constrs_1/new/basys3.xdc:58]
Resolution: If [get_<value>] was used to populate the object, check to make sure this command returns at least one valid object.
WARNING: [Vivado 12-584] No ports matched 'LED_out[6]'. [D:/Data/HLS/packet-switch/packet-switch.srcs/constrs_1/new/basys3.xdc:59]
CRITICAL WARNING: [Common 17-55] 'set_property' expects at least one object. [D:/Data/HLS/packet-switch/packet-switch.srcs/constrs_1/new/basys3.xdc:59]
Resolution: If [get_<value>] was used to populate the object, check to make sure this command returns at least one valid object.
WARNING: [Vivado 12-584] No ports matched 'LED_out[5]'. [D:/Data/HLS/packet-switch/packet-switch.srcs/constrs_1/new/basys3.xdc:60]
CRITICAL WARNING: [Common 17-55] 'set_property' expects at least one object. [D:/Data/HLS/packet-switch/packet-switch.srcs/constrs_1/new/basys3.xdc:60]
Resolution: If [get_<value>] was used to populate the object, check to make sure this command returns at least one valid object.
WARNING: [Vivado 12-584] No ports matched 'LED_out[5]'. [D:/Data/HLS/packet-switch/packet-switch.srcs/constrs_1/new/basys3.xdc:61]
CRITICAL WARNING: [Common 17-55] 'set_property' expects at least one object. [D:/Data/HLS/packet-switch/packet-switch.srcs/constrs_1/new/basys3.xdc:61]
Resolution: If [get_<value>] was used to populate the object, check to make sure this command returns at least one valid object.
WARNING: [Vivado 12-584] No ports matched 'LED_out[4]'. [D:/Data/HLS/packet-switch/packet-switch.srcs/constrs_1/new/basys3.xdc:62]
CRITICAL WARNING: [Common 17-55] 'set_property' expects at least one object. [D:/Data/HLS/packet-switch/packet-switch.srcs/constrs_1/new/basys3.xdc:62]
Resolution: If [get_<value>] was used to populate the object, check to make sure this command returns at least one valid object.
WARNING: [Vivado 12-584] No ports matched 'LED_out[4]'. [D:/Data/HLS/packet-switch/packet-switch.srcs/constrs_1/new/basys3.xdc:63]
CRITICAL WARNING: [Common 17-55] 'set_property' expects at least one object. [D:/Data/HLS/packet-switch/packet-switch.srcs/constrs_1/new/basys3.xdc:63]
Resolution: If [get_<value>] was used to populate the object, check to make sure this command returns at least one valid object.
WARNING: [Vivado 12-584] No ports matched 'LED_out[3]'. [D:/Data/HLS/packet-switch/packet-switch.srcs/constrs_1/new/basys3.xdc:64]
CRITICAL WARNING: [Common 17-55] 'set_property' expects at least one object. [D:/Data/HLS/packet-switch/packet-switch.srcs/constrs_1/new/basys3.xdc:64]
Resolution: If [get_<value>] was used to populate the object, check to make sure this command returns at least one valid object.
WARNING: [Vivado 12-584] No ports matched 'LED_out[3]'. [D:/Data/HLS/packet-switch/packet-switch.srcs/constrs_1/new/basys3.xdc:65]
CRITICAL WARNING: [Common 17-55] 'set_property' expects at least one object. [D:/Data/HLS/packet-switch/packet-switch.srcs/constrs_1/new/basys3.xdc:65]
Resolution: If [get_<value>] was used to populate the object, check to make sure this command returns at least one valid object.
WARNING: [Vivado 12-584] No ports matched 'LED_out[2]'. [D:/Data/HLS/packet-switch/packet-switch.srcs/constrs_1/new/basys3.xdc:66]
CRITICAL WARNING: [Common 17-55] 'set_property' expects at least one object. [D:/Data/HLS/packet-switch/packet-switch.srcs/constrs_1/new/basys3.xdc:66]
Resolution: If [get_<value>] was used to populate the object, check to make sure this command returns at least one valid object.
WARNING: [Vivado 12-584] No ports matched 'LED_out[2]'. [D:/Data/HLS/packet-switch/packet-switch.srcs/constrs_1/new/basys3.xdc:67]
CRITICAL WARNING: [Common 17-55] 'set_property' expects at least one object. [D:/Data/HLS/packet-switch/packet-switch.srcs/constrs_1/new/basys3.xdc:67]
Resolution: If [get_<value>] was used to populate the object, check to make sure this command returns at least one valid object.
WARNING: [Vivado 12-584] No ports matched 'LED_out[1]'. [D:/Data/HLS/packet-switch/packet-switch.srcs/constrs_1/new/basys3.xdc:68]
CRITICAL WARNING: [Common 17-55] 'set_property' expects at least one object. [D:/Data/HLS/packet-switch/packet-switch.srcs/constrs_1/new/basys3.xdc:68]
Resolution: If [get_<value>] was used to populate the object, check to make sure this command returns at least one valid object.
WARNING: [Vivado 12-584] No ports matched 'LED_out[1]'. [D:/Data/HLS/packet-switch/packet-switch.srcs/constrs_1/new/basys3.xdc:69]
CRITICAL WARNING: [Common 17-55] 'set_property' expects at least one object. [D:/Data/HLS/packet-switch/packet-switch.srcs/constrs_1/new/basys3.xdc:69]
Resolution: If [get_<value>] was used to populate the object, check to make sure this command returns at least one valid object.
WARNING: [Vivado 12-584] No ports matched 'LED_out[0]'. [D:/Data/HLS/packet-switch/packet-switch.srcs/constrs_1/new/basys3.xdc:70]
CRITICAL WARNING: [Common 17-55] 'set_property' expects at least one object. [D:/Data/HLS/packet-switch/packet-switch.srcs/constrs_1/new/basys3.xdc:70]
Resolution: If [get_<value>] was used to populate the object, check to make sure this command returns at least one valid object.
WARNING: [Vivado 12-584] No ports matched 'LED_out[0]'. [D:/Data/HLS/packet-switch/packet-switch.srcs/constrs_1/new/basys3.xdc:71]
CRITICAL WARNING: [Common 17-55] 'set_property' expects at least one object. [D:/Data/HLS/packet-switch/packet-switch.srcs/constrs_1/new/basys3.xdc:71]
Resolution: If [get_<value>] was used to populate the object, check to make sure this command returns at least one valid object.
WARNING: [Vivado 12-584] No ports matched 'Anode_Activate[0]'. [D:/Data/HLS/packet-switch/packet-switch.srcs/constrs_1/new/basys3.xdc:72]
CRITICAL WARNING: [Common 17-55] 'set_property' expects at least one object. [D:/Data/HLS/packet-switch/packet-switch.srcs/constrs_1/new/basys3.xdc:72]
Resolution: If [get_<value>] was used to populate the object, check to make sure this command returns at least one valid object.
WARNING: [Vivado 12-584] No ports matched 'Anode_Activate[0]'. [D:/Data/HLS/packet-switch/packet-switch.srcs/constrs_1/new/basys3.xdc:73]
CRITICAL WARNING: [Common 17-55] 'set_property' expects at least one object. [D:/Data/HLS/packet-switch/packet-switch.srcs/constrs_1/new/basys3.xdc:73]
Resolution: If [get_<value>] was used to populate the object, check to make sure this command returns at least one valid object.
WARNING: [Vivado 12-584] No ports matched 'Anode_Activate[1]'. [D:/Data/HLS/packet-switch/packet-switch.srcs/constrs_1/new/basys3.xdc:74]
CRITICAL WARNING: [Common 17-55] 'set_property' expects at least one object. [D:/Data/HLS/packet-switch/packet-switch.srcs/constrs_1/new/basys3.xdc:74]
Resolution: If [get_<value>] was used to populate the object, check to make sure this command returns at least one valid object.
WARNING: [Vivado 12-584] No ports matched 'Anode_Activate[1]'. [D:/Data/HLS/packet-switch/packet-switch.srcs/constrs_1/new/basys3.xdc:75]
CRITICAL WARNING: [Common 17-55] 'set_property' expects at least one object. [D:/Data/HLS/packet-switch/packet-switch.srcs/constrs_1/new/basys3.xdc:75]
Resolution: If [get_<value>] was used to populate the object, check to make sure this command returns at least one valid object.
WARNING: [Vivado 12-584] No ports matched 'Anode_Activate[2]'. [D:/Data/HLS/packet-switch/packet-switch.srcs/constrs_1/new/basys3.xdc:76]
CRITICAL WARNING: [Common 17-55] 'set_property' expects at least one object. [D:/Data/HLS/packet-switch/packet-switch.srcs/constrs_1/new/basys3.xdc:76]
Resolution: If [get_<value>] was used to populate the object, check to make sure this command returns at least one valid object.
WARNING: [Vivado 12-584] No ports matched 'Anode_Activate[2]'. [D:/Data/HLS/packet-switch/packet-switch.srcs/constrs_1/new/basys3.xdc:77]
CRITICAL WARNING: [Common 17-55] 'set_property' expects at least one object. [D:/Data/HLS/packet-switch/packet-switch.srcs/constrs_1/new/basys3.xdc:77]
Resolution: If [get_<value>] was used to populate the object, check to make sure this command returns at least one valid object.
WARNING: [Vivado 12-584] No ports matched 'Anode_Activate[3]'. [D:/Data/HLS/packet-switch/packet-switch.srcs/constrs_1/new/basys3.xdc:78]
CRITICAL WARNING: [Common 17-55] 'set_property' expects at least one object. [D:/Data/HLS/packet-switch/packet-switch.srcs/constrs_1/new/basys3.xdc:78]
Resolution: If [get_<value>] was used to populate the object, check to make sure this command returns at least one valid object.
WARNING: [Vivado 12-584] No ports matched 'Anode_Activate[3]'. [D:/Data/HLS/packet-switch/packet-switch.srcs/constrs_1/new/basys3.xdc:79]
CRITICAL WARNING: [Common 17-55] 'set_property' expects at least one object. [D:/Data/HLS/packet-switch/packet-switch.srcs/constrs_1/new/basys3.xdc:79]
Resolution: If [get_<value>] was used to populate the object, check to make sure this command returns at least one valid object.
Finished Parsing XDC File [D:/Data/HLS/packet-switch/packet-switch.srcs/constrs_1/new/basys3.xdc]
INFO: [Opt 31-138] Pushed 0 inverter(s) to 0 load pin(s).
Netlist sorting complete. Time (s): cpu = 00:00:00 ; elapsed = 00:00:00 . Memory (MB): peak = 1244.246 ; gain = 0.000
INFO: [Project 1-111] Unisim Transformation Summary:
No Unisim elements were transformed.

7 Infos, 72 Warnings, 72 Critical Warnings and 0 Errors encountered.
link_design completed successfully
Command: opt_design
Attempting to get a license for feature 'Implementation' and/or device 'xc7a35t'
INFO: [Common 17-349] Got license for feature 'Implementation' and/or device 'xc7a35t'
Running DRC as a precondition to command opt_design

Starting DRC Task
INFO: [DRC 23-27] Running DRC with 2 threads
INFO: [Project 1-461] DRC finished with 0 Errors
INFO: [Project 1-462] Please refer to the DRC report (report_drc) for more information.

Time (s): cpu = 00:00:01 ; elapsed = 00:00:00.741 . Memory (MB): peak = 1244.246 ; gain = 0.000

Starting Cache Timing Information Task
INFO: [Timing 38-35] Done setting XDC timing constraints.
Ending Cache Timing Information Task | Checksum: 15e4e4a0e

Time (s): cpu = 00:00:05 ; elapsed = 00:00:05 . Memory (MB): peak = 1413.727 ; gain = 169.480

Starting Logic Optimization Task

Phase 1 Retarget
INFO: [Opt 31-138] Pushed 0 inverter(s) to 0 load pin(s).
INFO: [Opt 31-49] Retargeted 0 cell(s).
Phase 1 Retarget | Checksum: 15e4e4a0e

Time (s): cpu = 00:00:00 ; elapsed = 00:00:00.023 . Memory (MB): peak = 1710.594 ; gain = 0.000
INFO: [Opt 31-389] Phase Retarget created 0 cells and removed 0 cells

Phase 2 Constant propagation
INFO: [Opt 31-138] Pushed 0 inverter(s) to 0 load pin(s).
Phase 2 Constant propagation | Checksum: 15e4e4a0e

Time (s): cpu = 00:00:00 ; elapsed = 00:00:00.025 . Memory (MB): peak = 1710.594 ; gain = 0.000
INFO: [Opt 31-389] Phase Constant propagation created 0 cells and removed 0 cells

Phase 3 Sweep
Phase 3 Sweep | Checksum: 15e4e4a0e

Time (s): cpu = 00:00:00 ; elapsed = 00:00:00.028 . Memory (MB): peak = 1710.594 ; gain = 0.000
INFO: [Opt 31-389] Phase Sweep created 0 cells and removed 0 cells

Phase 4 BUFG optimization
Phase 4 BUFG optimization | Checksum: 15e4e4a0e

Time (s): cpu = 00:00:00 ; elapsed = 00:00:00.033 . Memory (MB): peak = 1710.594 ; gain = 0.000
INFO: [Opt 31-662] Phase BUFG optimization created 0 cells of which 0 are BUFGs and removed 0 cells.

Phase 5 Shift Register Optimization
INFO: [Opt 31-1064] SRL Remap converted 0 SRLs to 0 registers and converted 0 registers of register chains to 0 SRLs
Phase 5 Shift Register Optimization | Checksum: 15e4e4a0e

Time (s): cpu = 00:00:00 ; elapsed = 00:00:00.034 . Memory (MB): peak = 1710.594 ; gain = 0.000
INFO: [Opt 31-389] Phase Shift Register Optimization created 0 cells and removed 0 cells

Phase 6 Post Processing Netlist
Phase 6 Post Processing Netlist | Checksum: 15e4e4a0e

Time (s): cpu = 00:00:00 ; elapsed = 00:00:00.035 . Memory (MB): peak = 1710.594 ; gain = 0.000
INFO: [Opt 31-389] Phase Post Processing Netlist created 0 cells and removed 0 cells
Opt_design Change Summary
=========================


-------------------------------------------------------------------------------------------------------------------------
|  Phase                        |  #Cells created  |  #Cells Removed  |  #Constrained objects preventing optimizations  |
-------------------------------------------------------------------------------------------------------------------------
|  Retarget                     |               0  |               0  |                                              0  |
|  Constant propagation         |               0  |               0  |                                              0  |
|  Sweep                        |               0  |               0  |                                              0  |
|  BUFG optimization            |               0  |               0  |                                              0  |
|  Shift Register Optimization  |               0  |               0  |                                              0  |
|  Post Processing Netlist      |               0  |               0  |                                              0  |
-------------------------------------------------------------------------------------------------------------------------



Starting Connectivity Check Task

Time (s): cpu = 00:00:00 ; elapsed = 00:00:00.001 . Memory (MB): peak = 1710.594 ; gain = 0.000
Ending Logic Optimization Task | Checksum: 15e4e4a0e

Time (s): cpu = 00:00:00 ; elapsed = 00:00:00.037 . Memory (MB): peak = 1710.594 ; gain = 0.000

Starting Power Optimization Task
INFO: [Pwropt 34-132] Skipping clock gating for clocks with a period < 2.00 ns.
Ending Power Optimization Task | Checksum: 15e4e4a0e

Time (s): cpu = 00:00:00 ; elapsed = 00:00:00.017 . Memory (MB): peak = 1710.594 ; gain = 0.000

Starting Final Cleanup Task
Ending Final Cleanup Task | Checksum: 15e4e4a0e

Time (s): cpu = 00:00:00 ; elapsed = 00:00:00.001 . Memory (MB): peak = 1710.594 ; gain = 0.000

Starting Netlist Obfuscation Task
Netlist sorting complete. Time (s): cpu = 00:00:00 ; elapsed = 00:00:00.001 . Memory (MB): peak = 1710.594 ; gain = 0.000
Ending Netlist Obfuscation Task | Checksum: 15e4e4a0e

Time (s): cpu = 00:00:00 ; elapsed = 00:00:00.001 . Memory (MB): peak = 1710.594 ; gain = 0.000
INFO: [Common 17-83] Releasing license: Implementation
24 Infos, 72 Warnings, 72 Critical Warnings and 0 Errors encountered.
opt_design completed successfully
opt_design: Time (s): cpu = 00:00:08 ; elapsed = 00:00:08 . Memory (MB): peak = 1710.594 ; gain = 466.348
INFO: [Timing 38-480] Writing timing data to binary archive.
INFO: [Common 17-1381] The checkpoint 'D:/Data/HLS/packet-switch/packet-switch.runs/impl_1/pass_through_opt.dcp' has been generated.
INFO: [runtcl-4] Executing : report_drc -file pass_through_drc_opted.rpt -pb pass_through_drc_opted.pb -rpx pass_through_drc_opted.rpx
Command: report_drc -file pass_through_drc_opted.rpt -pb pass_through_drc_opted.pb -rpx pass_through_drc_opted.rpx
INFO: [IP_Flow 19-234] Refreshing IP repositories
INFO: [IP_Flow 19-1704] No user IP repositories specified
INFO: [IP_Flow 19-2313] Loaded Vivado IP repository 'D:/Xilinx/Vivado/2021.2/data/ip'.
INFO: [Timing 38-35] Done setting XDC timing constraints.
INFO: [DRC 23-27] Running DRC with 2 threads
INFO: [Vivado_Tcl 2-168] The results of DRC are in file D:/Data/HLS/packet-switch/packet-switch.runs/impl_1/pass_through_drc_opted.rpt.
report_drc completed successfully
Command: place_design
Attempting to get a license for feature 'Implementation' and/or device 'xc7a35t'
INFO: [Common 17-349] Got license for feature 'Implementation' and/or device 'xc7a35t'
INFO: [DRC 23-27] Running DRC with 2 threads
INFO: [Vivado_Tcl 4-198] DRC finished with 0 Errors
INFO: [Vivado_Tcl 4-199] Please refer to the DRC report (report_drc) for more information.
Running DRC as a precondition to command place_design
INFO: [DRC 23-27] Running DRC with 2 threads
INFO: [Vivado_Tcl 4-198] DRC finished with 0 Errors
INFO: [Vivado_Tcl 4-199] Please refer to the DRC report (report_drc) for more information.

Starting Placer Task
INFO: [Place 30-611] Multithreading enabled for place_design using a maximum of 2 CPUs

Phase 1 Placer Initialization

Phase 1.1 Placer Initialization Netlist Sorting
Netlist sorting complete. Time (s): cpu = 00:00:00 ; elapsed = 00:00:00.001 . Memory (MB): peak = 1750.691 ; gain = 0.000
Phase 1.1 Placer Initialization Netlist Sorting | Checksum: fd944d62

Time (s): cpu = 00:00:00 ; elapsed = 00:00:00.016 . Memory (MB): peak = 1750.691 ; gain = 0.000
Netlist sorting complete. Time (s): cpu = 00:00:00 ; elapsed = 00:00:00 . Memory (MB): peak = 1750.691 ; gain = 0.000

Phase 1.2 IO Placement/ Clock Placement/ Build Placer Device
Phase 1.2 IO Placement/ Clock Placement/ Build Placer Device | Checksum: 971c121d

Time (s): cpu = 00:00:00 ; elapsed = 00:00:00.188 . Memory (MB): peak = 1750.691 ; gain = 0.000

Phase 1.3 Build Placer Netlist Model
Phase 1.3 Build Placer Netlist Model | Checksum: a52448ba

Time (s): cpu = 00:00:00 ; elapsed = 00:00:00.253 . Memory (MB): peak = 1750.691 ; gain = 0.000

Phase 1.4 Constrain Clocks/Macros
Phase 1.4 Constrain Clocks/Macros | Checksum: a52448ba

Time (s): cpu = 00:00:00 ; elapsed = 00:00:00.256 . Memory (MB): peak = 1750.691 ; gain = 0.000
Phase 1 Placer Initialization | Checksum: a52448ba

Time (s): cpu = 00:00:00 ; elapsed = 00:00:00.263 . Memory (MB): peak = 1750.691 ; gain = 0.000

Phase 2 Global Placement

Phase 2.1 Floorplanning
Phase 2.1 Floorplanning | Checksum: a52448ba

Time (s): cpu = 00:00:00 ; elapsed = 00:00:00.273 . Memory (MB): peak = 1750.691 ; gain = 0.000

Phase 2.2 Update Timing before SLR Path Opt
Phase 2.2 Update Timing before SLR Path Opt | Checksum: a52448ba

Time (s): cpu = 00:00:00 ; elapsed = 00:00:00.273 . Memory (MB): peak = 1750.691 ; gain = 0.000

Phase 2.3 Post-Processing in Floorplanning
Phase 2.3 Post-Processing in Floorplanning | Checksum: a52448ba

Time (s): cpu = 00:00:00 ; elapsed = 00:00:00.273 . Memory (MB): peak = 1750.691 ; gain = 0.000

Phase 2.4 Global Placement Core
WARNING: [Place 46-29] place_design is not in timing mode. Skip physical synthesis in placer
Phase 2.4 Global Placement Core | Checksum: 122fa242e

Time (s): cpu = 00:00:01 ; elapsed = 00:00:01 . Memory (MB): peak = 1750.691 ; gain = 0.000
Phase 2 Global Placement | Checksum: 122fa242e

Time (s): cpu = 00:00:01 ; elapsed = 00:00:01 . Memory (MB): peak = 1750.691 ; gain = 0.000

Phase 3 Detail Placement

Phase 3.1 Commit Multi Column Macros
Phase 3.1 Commit Multi Column Macros | Checksum: 122fa242e

Time (s): cpu = 00:00:01 ; elapsed = 00:00:01 . Memory (MB): peak = 1750.691 ; gain = 0.000

Phase 3.2 Commit Most Macros & LUTRAMs
Phase 3.2 Commit Most Macros & LUTRAMs | Checksum: 13157ade4

Time (s): cpu = 00:00:01 ; elapsed = 00:00:01 . Memory (MB): peak = 1750.691 ; gain = 0.000

Phase 3.3 Area Swap Optimization
Phase 3.3 Area Swap Optimization | Checksum: dec05b8c

Time (s): cpu = 00:00:01 ; elapsed = 00:00:01 . Memory (MB): peak = 1750.691 ; gain = 0.000

Phase 3.4 Pipeline Register Optimization
Phase 3.4 Pipeline Register Optimization | Checksum: dec05b8c

Time (s): cpu = 00:00:01 ; elapsed = 00:00:01 . Memory (MB): peak = 1750.691 ; gain = 0.000

Phase 3.5 Small Shape Detail Placement
Phase 3.5 Small Shape Detail Placement | Checksum: 1beb0eafd

Time (s): cpu = 00:00:01 ; elapsed = 00:00:01 . Memory (MB): peak = 1750.691 ; gain = 0.000

Phase 3.6 Re-assign LUT pins
Phase 3.6 Re-assign LUT pins | Checksum: 1beb0eafd

Time (s): cpu = 00:00:01 ; elapsed = 00:00:01 . Memory (MB): peak = 1750.691 ; gain = 0.000

Phase 3.7 Pipeline Register Optimization
Phase 3.7 Pipeline Register Optimization | Checksum: 1beb0eafd

Time (s): cpu = 00:00:01 ; elapsed = 00:00:01 . Memory (MB): peak = 1750.691 ; gain = 0.000
Phase 3 Detail Placement | Checksum: 1beb0eafd

Time (s): cpu = 00:00:01 ; elapsed = 00:00:01 . Memory (MB): peak = 1750.691 ; gain = 0.000

Phase 4 Post Placement Optimization and Clean-Up

Phase 4.1 Post Commit Optimization
Phase 4.1 Post Commit Optimization | Checksum: 1beb0eafd

Time (s): cpu = 00:00:01 ; elapsed = 00:00:01 . Memory (MB): peak = 1750.691 ; gain = 0.000

Phase 4.2 Post Placement Cleanup
Phase 4.2 Post Placement Cleanup | Checksum: 1beb0eafd

Time (s): cpu = 00:00:01 ; elapsed = 00:00:01 . Memory (MB): peak = 1750.691 ; gain = 0.000

Phase 4.3 Placer Reporting

Phase 4.3.1 Print Estimated Congestion
INFO: [Place 30-612] Post-Placement Estimated Congestion 
 ____________________________________________________
|           | Global Congestion | Short Congestion  |
| Direction | Region Size       | Region Size       |
|___________|___________________|___________________|
|      North|                1x1|                1x1|
|___________|___________________|___________________|
|      South|                1x1|                1x1|
|___________|___________________|___________________|
|       East|                1x1|                1x1|
|___________|___________________|___________________|
|       West|                1x1|                1x1|
|___________|___________________|___________________|

Phase 4.3.1 Print Estimated Congestion | Checksum: 1beb0eafd

Time (s): cpu = 00:00:01 ; elapsed = 00:00:01 . Memory (MB): peak = 1750.691 ; gain = 0.000
Phase 4.3 Placer Reporting | Checksum: 1beb0eafd

Time (s): cpu = 00:00:01 ; elapsed = 00:00:01 . Memory (MB): peak = 1750.691 ; gain = 0.000

Phase 4.4 Final Placement Cleanup
Netlist sorting complete. Time (s): cpu = 00:00:00 ; elapsed = 00:00:00 . Memory (MB): peak = 1750.691 ; gain = 0.000

Time (s): cpu = 00:00:01 ; elapsed = 00:00:01 . Memory (MB): peak = 1750.691 ; gain = 0.000
Phase 4 Post Placement Optimization and Clean-Up | Checksum: 1bbcdd690

Time (s): cpu = 00:00:01 ; elapsed = 00:00:01 . Memory (MB): peak = 1750.691 ; gain = 0.000
Ending Placer Task | Checksum: 146117efa

Time (s): cpu = 00:00:01 ; elapsed = 00:00:01 . Memory (MB): peak = 1750.691 ; gain = 0.000
INFO: [Common 17-83] Releasing license: Implementation
43 Infos, 73 Warnings, 72 Critical Warnings and 0 Errors encountered.
place_design completed successfully
INFO: [Timing 38-480] Writing timing data to binary archive.
Writing placer database...
Writing XDEF routing.
Writing XDEF routing logical nets.
Writing XDEF routing special nets.
Write XDEF Complete: Time (s): cpu = 00:00:00 ; elapsed = 00:00:00.041 . Memory (MB): peak = 1750.691 ; gain = 0.000
INFO: [Common 17-1381] The checkpoint 'D:/Data/HLS/packet-switch/packet-switch.runs/impl_1/pass_through_placed.dcp' has been generated.
INFO: [runtcl-4] Executing : report_io -file pass_through_io_placed.rpt
report_io: Time (s): cpu = 00:00:00 ; elapsed = 00:00:00.028 . Memory (MB): peak = 1750.691 ; gain = 0.000
INFO: [runtcl-4] Executing : report_utilization -file pass_through_utilization_placed.rpt -pb pass_through_utilization_placed.pb
INFO: [runtcl-4] Executing : report_control_sets -verbose -file pass_through_control_sets_placed.rpt
report_control_sets: Time (s): cpu = 00:00:00 ; elapsed = 00:00:00.005 . Memory (MB): peak = 1750.691 ; gain = 0.000
Command: phys_opt_design
Attempting to get a license for feature 'Implementation' and/or device 'xc7a35t'
INFO: [Common 17-349] Got license for feature 'Implementation' and/or device 'xc7a35t'
INFO: [Vivado_Tcl 4-235] No timing constraint found. The netlist was not modified.
INFO: [Common 17-83] Releasing license: Implementation
51 Infos, 73 Warnings, 72 Critical Warnings and 0 Errors encountered.
phys_opt_design completed successfully
INFO: [Timing 38-480] Writing timing data to binary archive.
Writing placer database...
Writing XDEF routing.
Writing XDEF routing logical nets.
Writing XDEF routing special nets.
Write XDEF Complete: Time (s): cpu = 00:00:00 ; elapsed = 00:00:00.027 . Memory (MB): peak = 1750.691 ; gain = 0.000
INFO: [Common 17-1381] The checkpoint 'D:/Data/HLS/packet-switch/packet-switch.runs/impl_1/pass_through_physopt.dcp' has been generated.
Command: route_design
Attempting to get a license for feature 'Implementation' and/or device 'xc7a35t'
INFO: [Common 17-349] Got license for feature 'Implementation' and/or device 'xc7a35t'
Running DRC as a precondition to command route_design
INFO: [DRC 23-27] Running DRC with 2 threads
INFO: [Vivado_Tcl 4-198] DRC finished with 0 Errors
INFO: [Vivado_Tcl 4-199] Please refer to the DRC report (report_drc) for more information.


Starting Routing Task
INFO: [Route 35-254] Multithreading enabled for route_design using a maximum of 2 CPUs

Phase 1 Build RT Design
Checksum: PlaceDB: e1943946 ConstDB: 0 ShapeSum: 647d45b4 RouteDB: 0
Post Restoration Checksum: NetGraph: 36b0487a NumContArr: 3ea4840c Constraints: 0 Timing: 0
Phase 1 Build RT Design | Checksum: 7554cc86

Time (s): cpu = 00:00:14 ; elapsed = 00:00:13 . Memory (MB): peak = 1829.527 ; gain = 71.242

Phase 2 Router Initialization
INFO: [Route 35-64] No timing constraints were detected. The router will operate in resource-optimization mode.

Phase 2.1 Fix Topology Constraints
Phase 2.1 Fix Topology Constraints | Checksum: 7554cc86

Time (s): cpu = 00:00:14 ; elapsed = 00:00:13 . Memory (MB): peak = 1835.547 ; gain = 77.262

Phase 2.2 Pre Route Cleanup
Phase 2.2 Pre Route Cleanup | Checksum: 7554cc86

Time (s): cpu = 00:00:14 ; elapsed = 00:00:13 . Memory (MB): peak = 1835.547 ; gain = 77.262
 Number of Nodes with overlaps = 0

Router Utilization Summary
  Global Vertical Routing Utilization    = 0 %
  Global Horizontal Routing Utilization  = 0 %
  Routable Net Status*
  *Does not include unroutable nets such as driverless and loadless.
  Run report_route_status for detailed report.
  Number of Failed Nets               = 29
    (Failed Nets is the sum of unrouted and partially routed nets)
  Number of Unrouted Nets             = 29
  Number of Partially Routed Nets     = 0
  Number of Node Overlaps             = 0

Phase 2 Router Initialization | Checksum: 198209f80

Time (s): cpu = 00:00:14 ; elapsed = 00:00:13 . Memory (MB): peak = 1841.098 ; gain = 82.812

Phase 3 Initial Routing

Phase 3.1 Global Routing
Phase 3.1 Global Routing | Checksum: 198209f80

Time (s): cpu = 00:00:14 ; elapsed = 00:00:13 . Memory (MB): peak = 1841.098 ; gain = 82.812
Phase 3 Initial Routing | Checksum: 158f61997

Time (s): cpu = 00:00:14 ; elapsed = 00:00:13 . Memory (MB): peak = 1841.098 ; gain = 82.812

Phase 4 Rip-up And Reroute

Phase 4.1 Global Iteration 0
 Number of Nodes with overlaps = 3
 Number of Nodes with overlaps = 0
Phase 4.1 Global Iteration 0 | Checksum: e05a2d90

Time (s): cpu = 00:00:14 ; elapsed = 00:00:13 . Memory (MB): peak = 1841.098 ; gain = 82.812
Phase 4 Rip-up And Reroute | Checksum: e05a2d90

Time (s): cpu = 00:00:14 ; elapsed = 00:00:13 . Memory (MB): peak = 1841.098 ; gain = 82.812

Phase 5 Delay and Skew Optimization
Phase 5 Delay and Skew Optimization | Checksum: e05a2d90

Time (s): cpu = 00:00:14 ; elapsed = 00:00:13 . Memory (MB): peak = 1841.098 ; gain = 82.812

Phase 6 Post Hold Fix

Phase 6.1 Hold Fix Iter
Phase 6.1 Hold Fix Iter | Checksum: e05a2d90

Time (s): cpu = 00:00:14 ; elapsed = 00:00:13 . Memory (MB): peak = 1841.098 ; gain = 82.812
Phase 6 Post Hold Fix | Checksum: e05a2d90

Time (s): cpu = 00:00:14 ; elapsed = 00:00:13 . Memory (MB): peak = 1841.098 ; gain = 82.812

Phase 7 Route finalize

Router Utilization Summary
  Global Vertical Routing Utilization    = 0.00358766 %
  Global Horizontal Routing Utilization  = 0.00403436 %
  Routable Net Status*
  *Does not include unroutable nets such as driverless and loadless.
  Run report_route_status for detailed report.
  Number of Failed Nets               = 0
    (Failed Nets is the sum of unrouted and partially routed nets)
  Number of Unrouted Nets             = 0
  Number of Partially Routed Nets     = 0
  Number of Node Overlaps             = 0

Congestion Report
North Dir 1x1 Area, Max Cong = 8.10811%, No Congested Regions.
South Dir 1x1 Area, Max Cong = 8.10811%, No Congested Regions.
East Dir 1x1 Area, Max Cong = 4.41176%, No Congested Regions.
West Dir 1x1 Area, Max Cong = 19.1176%, No Congested Regions.

------------------------------
Reporting congestion hotspots
------------------------------
Direction: North
----------------
Congested clusters found at Level 0
Effective congestion level: 0 Aspect Ratio: 1 Sparse Ratio: 0
Direction: South
----------------
Congested clusters found at Level 0
Effective congestion level: 0 Aspect Ratio: 1 Sparse Ratio: 0
Direction: East
----------------
Congested clusters found at Level 0
Effective congestion level: 0 Aspect Ratio: 1 Sparse Ratio: 0
Direction: West
----------------
Congested clusters found at Level 0
Effective congestion level: 0 Aspect Ratio: 1 Sparse Ratio: 0

Phase 7 Route finalize | Checksum: e05a2d90

Time (s): cpu = 00:00:14 ; elapsed = 00:00:13 . Memory (MB): peak = 1841.098 ; gain = 82.812

Phase 8 Verifying routed nets

 Verification completed successfully
Phase 8 Verifying routed nets | Checksum: e05a2d90

Time (s): cpu = 00:00:14 ; elapsed = 00:00:13 . Memory (MB): peak = 1841.801 ; gain = 83.516

Phase 9 Depositing Routes
Phase 9 Depositing Routes | Checksum: 1c294e524

Time (s): cpu = 00:00:14 ; elapsed = 00:00:13 . Memory (MB): peak = 1841.801 ; gain = 83.516
INFO: [Route 35-16] Router Completed Successfully

Time (s): cpu = 00:00:14 ; elapsed = 00:00:13 . Memory (MB): peak = 1841.801 ; gain = 83.516

Routing Is Done.
INFO: [Common 17-83] Releasing license: Implementation
61 Infos, 73 Warnings, 72 Critical Warnings and 0 Errors encountered.
route_design completed successfully
route_design: Time (s): cpu = 00:00:15 ; elapsed = 00:00:14 . Memory (MB): peak = 1841.801 ; gain = 91.109
INFO: [Timing 38-480] Writing timing data to binary archive.
Writing placer database...
Writing XDEF routing.
Writing XDEF routing logical nets.
Writing XDEF routing special nets.
Write XDEF Complete: Time (s): cpu = 00:00:00 ; elapsed = 00:00:00.027 . Memory (MB): peak = 1851.633 ; gain = 9.832
INFO: [Common 17-1381] The checkpoint 'D:/Data/HLS/packet-switch/packet-switch.runs/impl_1/pass_through_routed.dcp' has been generated.
INFO: [runtcl-4] Executing : report_drc -file pass_through_drc_routed.rpt -pb pass_through_drc_routed.pb -rpx pass_through_drc_routed.rpx
Command: report_drc -file pass_through_drc_routed.rpt -pb pass_through_drc_routed.pb -rpx pass_through_drc_routed.rpx
INFO: [IP_Flow 19-1839] IP Catalog is up to date.
INFO: [DRC 23-27] Running DRC with 2 threads
INFO: [Vivado_Tcl 2-168] The results of DRC are in file D:/Data/HLS/packet-switch/packet-switch.runs/impl_1/pass_through_drc_routed.rpt.
report_drc completed successfully
INFO: [runtcl-4] Executing : report_methodology -file pass_through_methodology_drc_routed.rpt -pb pass_through_methodology_drc_routed.pb -rpx pass_through_methodology_drc_routed.rpx
Command: report_methodology -file pass_through_methodology_drc_routed.rpt -pb pass_through_methodology_drc_routed.pb -rpx pass_through_methodology_drc_routed.rpx
INFO: [Timing 38-35] Done setting XDC timing constraints.
INFO: [DRC 23-133] Running Methodology with 2 threads
INFO: [Vivado_Tcl 2-1520] The results of Report Methodology are in file D:/Data/HLS/packet-switch/packet-switch.runs/impl_1/pass_through_methodology_drc_routed.rpt.
report_methodology completed successfully
INFO: [runtcl-4] Executing : report_power -file pass_through_power_routed.rpt -pb pass_through_power_summary_routed.pb -rpx pass_through_power_routed.rpx
Command: report_power -file pass_through_power_routed.rpt -pb pass_through_power_summary_routed.pb -rpx pass_through_power_routed.rpx
INFO: [Timing 38-35] Done setting XDC timing constraints.
WARNING: [Power 33-232] No user defined clocks were found in the design! Power estimation will be inaccurate until this is corrected.
Resolution: Please specify clocks using create_clock/create_generated_clock for sequential elements. For pure combinatorial circuits, please specify a virtual clock, otherwise the vectorless estimation might be inaccurate
Running Vector-less Activity Propagation...

Finished Running Vector-less Activity Propagation
73 Infos, 74 Warnings, 72 Critical Warnings and 0 Errors encountered.
report_power completed successfully
INFO: [runtcl-4] Executing : report_route_status -file pass_through_route_status.rpt -pb pass_through_route_status.pb
INFO: [runtcl-4] Executing : report_timing_summary -max_paths 10 -report_unconstrained -file pass_through_timing_summary_routed.rpt -pb pass_through_timing_summary_routed.pb -rpx pass_through_timing_summary_routed.rpx -warn_on_violation 
INFO: [Timing 38-91] UpdateTimingParams: Speed grade: -1, Delay Type: min_max.
INFO: [Timing 38-191] Multithreading enabled for timing update using a maximum of 2 CPUs
WARNING: [Timing 38-313] There are no user specified timing constraints. Timing constraints are needed for proper timing analysis.
INFO: [runtcl-4] Executing : report_incremental_reuse -file pass_through_incremental_reuse_routed.rpt
INFO: [Vivado_Tcl 4-1062] Incremental flow is disabled. No incremental reuse Info to report.
INFO: [runtcl-4] Executing : report_clock_utilization -file pass_through_clock_utilization_routed.rpt
INFO: [runtcl-4] Executing : report_bus_skew -warn_on_violation -file pass_through_bus_skew_routed.rpt -pb pass_through_bus_skew_routed.pb -rpx pass_through_bus_skew_routed.rpx
INFO: [Timing 38-91] UpdateTimingParams: Speed grade: -1, Delay Type: min_max.
INFO: [Timing 38-191] Multithreading enabled for timing update using a maximum of 2 CPUs
INFO: [Common 17-206] Exiting Vivado at Fri Mar 10 22:09:16 2023...
